{"/Users/navi/Documents/Projects/LOKI TOOLS/Onion Forger/crawli/src/components/AzureConnectivityModal.tsx": {"path":"/Users/navi/Documents/Projects/LOKI TOOLS/Onion Forger/crawli/src/components/AzureConnectivityModal.tsx","statementMap":{"0":{"start":{"line":26,"column":34},"end":{"line":26,"column":null}},"1":{"start":{"line":27,"column":28},"end":{"line":27,"column":null}},"2":{"start":{"line":28,"column":30},"end":{"line":28,"column":null}},"3":{"start":{"line":29,"column":30},"end":{"line":29,"column":null}},"4":{"start":{"line":32,"column":40},"end":{"line":32,"column":null}},"5":{"start":{"line":35,"column":44},"end":{"line":35,"column":null}},"6":{"start":{"line":36,"column":32},"end":{"line":36,"column":null}},"7":{"start":{"line":37,"column":32},"end":{"line":37,"column":null}},"8":{"start":{"line":38,"column":40},"end":{"line":38,"column":null}},"9":{"start":{"line":39,"column":42},"end":{"line":39,"column":null}},"10":{"start":{"line":40,"column":44},"end":{"line":40,"column":null}},"11":{"start":{"line":41,"column":42},"end":{"line":41,"column":null}},"12":{"start":{"line":42,"column":28},"end":{"line":42,"column":null}},"13":{"start":{"line":43,"column":28},"end":{"line":43,"column":null}},"14":{"start":{"line":44,"column":52},"end":{"line":44,"column":null}},"15":{"start":{"line":47,"column":4},"end":{"line":51,"column":null}},"16":{"start":{"line":48,"column":8},"end":{"line":50,"column":null}},"17":{"start":{"line":49,"column":12},"end":{"line":49,"column":null}},"18":{"start":{"line":53,"column":20},"end":{"line":53,"column":null}},"19":{"start":{"line":56,"column":8},"end":{"line":56,"column":null}},"20":{"start":{"line":56,"column":22},"end":{"line":56,"column":null}},"21":{"start":{"line":57,"column":8},"end":{"line":64,"column":null}},"22":{"start":{"line":58,"column":31},"end":{"line":58,"column":null}},"23":{"start":{"line":59,"column":27},"end":{"line":59,"column":null}},"24":{"start":{"line":60,"column":12},"end":{"line":60,"column":null}},"25":{"start":{"line":63,"column":12},"end":{"line":63,"column":null}},"26":{"start":{"line":68,"column":8},"end":{"line":68,"column":null}},"27":{"start":{"line":68,"column":24},"end":{"line":68,"column":83}},"28":{"start":{"line":68,"column":83},"end":{"line":68,"column":91}},"29":{"start":{"line":69,"column":8},"end":{"line":69,"column":null}},"30":{"start":{"line":70,"column":8},"end":{"line":70,"column":null}},"31":{"start":{"line":71,"column":8},"end":{"line":81,"column":null}},"32":{"start":{"line":72,"column":31},"end":{"line":72,"column":null}},"33":{"start":{"line":73,"column":27},"end":{"line":76,"column":null}},"34":{"start":{"line":77,"column":12},"end":{"line":77,"column":null}},"35":{"start":{"line":78,"column":12},"end":{"line":78,"column":null}},"36":{"start":{"line":80,"column":12},"end":{"line":80,"column":null}},"37":{"start":{"line":82,"column":8},"end":{"line":82,"column":null}},"38":{"start":{"line":86,"column":8},"end":{"line":86,"column":null}},"39":{"start":{"line":86,"column":24},"end":{"line":86,"column":83}},"40":{"start":{"line":86,"column":83},"end":{"line":86,"column":91}},"41":{"start":{"line":87,"column":8},"end":{"line":87,"column":null}},"42":{"start":{"line":88,"column":8},"end":{"line":88,"column":null}},"43":{"start":{"line":89,"column":8},"end":{"line":109,"column":null}},"44":{"start":{"line":90,"column":31},"end":{"line":90,"column":null}},"45":{"start":{"line":91,"column":12},"end":{"line":104,"column":null}},"46":{"start":{"line":105,"column":12},"end":{"line":105,"column":null}},"47":{"start":{"line":106,"column":12},"end":{"line":106,"column":null}},"48":{"start":{"line":108,"column":12},"end":{"line":108,"column":null}},"49":{"start":{"line":110,"column":8},"end":{"line":110,"column":null}},"50":{"start":{"line":114,"column":8},"end":{"line":114,"column":null}},"51":{"start":{"line":114,"column":22},"end":{"line":114,"column":null}},"52":{"start":{"line":115,"column":8},"end":{"line":115,"column":null}},"53":{"start":{"line":116,"column":8},"end":{"line":116,"column":null}},"54":{"start":{"line":117,"column":8},"end":{"line":123,"column":null}},"55":{"start":{"line":118,"column":31},"end":{"line":118,"column":null}},"56":{"start":{"line":119,"column":27},"end":{"line":119,"column":null}},"57":{"start":{"line":120,"column":12},"end":{"line":120,"column":null}},"58":{"start":{"line":122,"column":12},"end":{"line":122,"column":null}},"59":{"start":{"line":124,"column":8},"end":{"line":124,"column":null}},"60":{"start":{"line":128,"column":8},"end":{"line":128,"column":null}},"61":{"start":{"line":128,"column":22},"end":{"line":128,"column":null}},"62":{"start":{"line":129,"column":8},"end":{"line":129,"column":null}},"63":{"start":{"line":130,"column":8},"end":{"line":130,"column":null}},"64":{"start":{"line":131,"column":8},"end":{"line":139,"column":null}},"65":{"start":{"line":132,"column":31},"end":{"line":132,"column":null}},"66":{"start":{"line":133,"column":24},"end":{"line":133,"column":null}},"67":{"start":{"line":134,"column":27},"end":{"line":134,"column":null}},"68":{"start":{"line":135,"column":12},"end":{"line":135,"column":null}},"69":{"start":{"line":136,"column":12},"end":{"line":136,"column":null}},"70":{"start":{"line":138,"column":12},"end":{"line":138,"column":null}},"71":{"start":{"line":140,"column":8},"end":{"line":140,"column":null}},"72":{"start":{"line":143,"column":4},"end":{"line":143,"column":null}},"73":{"start":{"line":143,"column":17},"end":{"line":143,"column":null}},"74":{"start":{"line":145,"column":4},"end":{"line":331,"column":null}},"75":{"start":{"line":147,"column":57},"end":{"line":147,"column":null}},"76":{"start":{"line":163,"column":39},"end":{"line":163,"column":null}},"77":{"start":{"line":170,"column":39},"end":{"line":170,"column":null}},"78":{"start":{"line":193,"column":53},"end":{"line":193,"column":null}},"79":{"start":{"line":222,"column":53},"end":{"line":222,"column":null}},"80":{"start":{"line":228,"column":79},"end":{"line":228,"column":114}},"81":{"start":{"line":232,"column":73},"end":{"line":232,"column":102}},"82":{"start":{"line":239,"column":81},"end":{"line":239,"column":110}},"83":{"start":{"line":243,"column":101},"end":{"line":243,"column":134}},"84":{"start":{"line":250,"column":78},"end":{"line":250,"column":112}},"85":{"start":{"line":254,"column":79},"end":{"line":254,"column":114}},"86":{"start":{"line":258,"column":78},"end":{"line":258,"column":112}},"87":{"start":{"line":262,"column":72},"end":{"line":262,"column":null}},"88":{"start":{"line":274,"column":85},"end":{"line":274,"column":112}},"89":{"start":{"line":300,"column":94},"end":{"line":300,"column":123}},"90":{"start":{"line":304,"column":95},"end":{"line":304,"column":123}},"91":{"start":{"line":319,"column":94},"end":{"line":319,"column":122}},"92":{"start":{"line":323,"column":97},"end":{"line":323,"column":124}}},"fnMap":{"0":{"name":"AzureConnectivityModal","decl":{"start":{"line":25,"column":16},"end":{"line":25,"column":39}},"loc":{"start":{"line":25,"column":89},"end":{"line":333,"column":null}},"line":25},"1":{"name":"(anonymous_1)","decl":{"start":{"line":47,"column":14},"end":{"line":47,"column":20}},"loc":{"start":{"line":47,"column":20},"end":{"line":51,"column":7}},"line":47},"2":{"name":"fetchStatus","decl":{"start":{"line":55,"column":19},"end":{"line":55,"column":33}},"loc":{"start":{"line":55,"column":33},"end":{"line":65,"column":null}},"line":55},"3":{"name":"handleToggleIntranet","decl":{"start":{"line":67,"column":19},"end":{"line":67,"column":40}},"loc":{"start":{"line":67,"column":57},"end":{"line":83,"column":null}},"line":67},"4":{"name":"handleConfigureAzure","decl":{"start":{"line":85,"column":19},"end":{"line":85,"column":42}},"loc":{"start":{"line":85,"column":42},"end":{"line":111,"column":null}},"line":85},"5":{"name":"handleTestConnection","decl":{"start":{"line":113,"column":19},"end":{"line":113,"column":42}},"loc":{"start":{"line":113,"column":42},"end":{"line":125,"column":null}},"line":113},"6":{"name":"handleToggleStorage","decl":{"start":{"line":127,"column":19},"end":{"line":127,"column":39}},"loc":{"start":{"line":127,"column":56},"end":{"line":141,"column":null}},"line":127},"7":{"name":"(anonymous_7)","decl":{"start":{"line":147,"column":50},"end":{"line":147,"column":51}},"loc":{"start":{"line":147,"column":57},"end":{"line":147,"column":null}},"line":147},"8":{"name":"(anonymous_8)","decl":{"start":{"line":163,"column":33},"end":{"line":163,"column":39}},"loc":{"start":{"line":163,"column":39},"end":{"line":163,"column":null}},"line":163},"9":{"name":"(anonymous_9)","decl":{"start":{"line":170,"column":33},"end":{"line":170,"column":39}},"loc":{"start":{"line":170,"column":39},"end":{"line":170,"column":null}},"line":170},"10":{"name":"(anonymous_10)","decl":{"start":{"line":193,"column":46},"end":{"line":193,"column":47}},"loc":{"start":{"line":193,"column":53},"end":{"line":193,"column":null}},"line":193},"11":{"name":"(anonymous_11)","decl":{"start":{"line":222,"column":46},"end":{"line":222,"column":47}},"loc":{"start":{"line":222,"column":53},"end":{"line":222,"column":null}},"line":222},"12":{"name":"(anonymous_12)","decl":{"start":{"line":228,"column":72},"end":{"line":228,"column":73}},"loc":{"start":{"line":228,"column":79},"end":{"line":228,"column":114}},"line":228},"13":{"name":"(anonymous_13)","decl":{"start":{"line":232,"column":66},"end":{"line":232,"column":67}},"loc":{"start":{"line":232,"column":73},"end":{"line":232,"column":102}},"line":232},"14":{"name":"(anonymous_14)","decl":{"start":{"line":239,"column":74},"end":{"line":239,"column":75}},"loc":{"start":{"line":239,"column":81},"end":{"line":239,"column":110}},"line":239},"15":{"name":"(anonymous_15)","decl":{"start":{"line":243,"column":94},"end":{"line":243,"column":95}},"loc":{"start":{"line":243,"column":101},"end":{"line":243,"column":134}},"line":243},"16":{"name":"(anonymous_16)","decl":{"start":{"line":250,"column":71},"end":{"line":250,"column":72}},"loc":{"start":{"line":250,"column":78},"end":{"line":250,"column":112}},"line":250},"17":{"name":"(anonymous_17)","decl":{"start":{"line":254,"column":72},"end":{"line":254,"column":73}},"loc":{"start":{"line":254,"column":79},"end":{"line":254,"column":114}},"line":254},"18":{"name":"(anonymous_18)","decl":{"start":{"line":258,"column":71},"end":{"line":258,"column":72}},"loc":{"start":{"line":258,"column":78},"end":{"line":258,"column":112}},"line":258},"19":{"name":"(anonymous_19)","decl":{"start":{"line":262,"column":65},"end":{"line":262,"column":66}},"loc":{"start":{"line":262,"column":72},"end":{"line":262,"column":null}},"line":262},"20":{"name":"(anonymous_20)","decl":{"start":{"line":274,"column":78},"end":{"line":274,"column":79}},"loc":{"start":{"line":274,"column":85},"end":{"line":274,"column":112}},"line":274},"21":{"name":"(anonymous_21)","decl":{"start":{"line":300,"column":88},"end":{"line":300,"column":94}},"loc":{"start":{"line":300,"column":94},"end":{"line":300,"column":123}},"line":300},"22":{"name":"(anonymous_22)","decl":{"start":{"line":304,"column":89},"end":{"line":304,"column":95}},"loc":{"start":{"line":304,"column":95},"end":{"line":304,"column":123}},"line":304},"23":{"name":"(anonymous_23)","decl":{"start":{"line":319,"column":88},"end":{"line":319,"column":94}},"loc":{"start":{"line":319,"column":94},"end":{"line":319,"column":122}},"line":319},"24":{"name":"(anonymous_24)","decl":{"start":{"line":323,"column":91},"end":{"line":323,"column":97}},"loc":{"start":{"line":323,"column":97},"end":{"line":323,"column":124}},"line":323}},"branchMap":{"0":{"loc":{"start":{"line":48,"column":8},"end":{"line":50,"column":null}},"type":"if","locations":[{"start":{"line":48,"column":8},"end":{"line":50,"column":null}},{"start":{},"end":{}}],"line":48},"1":{"loc":{"start":{"line":56,"column":8},"end":{"line":56,"column":null}},"type":"if","locations":[{"start":{"line":56,"column":8},"end":{"line":56,"column":null}},{"start":{},"end":{}}],"line":56},"2":{"loc":{"start":{"line":68,"column":8},"end":{"line":68,"column":null}},"type":"if","locations":[{"start":{"line":68,"column":8},"end":{"line":68,"column":null}},{"start":{},"end":{}}],"line":68},"3":{"loc":{"start":{"line":75,"column":22},"end":{"line":75,"column":null}},"type":"binary-expr","locations":[{"start":{"line":75,"column":22},"end":{"line":75,"column":48}},{"start":{"line":75,"column":48},"end":{"line":75,"column":null}}],"line":75},"4":{"loc":{"start":{"line":80,"column":33},"end":{"line":80,"column":51}},"type":"binary-expr","locations":[{"start":{"line":80,"column":33},"end":{"line":80,"column":48}},{"start":{"line":80,"column":48},"end":{"line":80,"column":51}}],"line":80},"5":{"loc":{"start":{"line":86,"column":8},"end":{"line":86,"column":null}},"type":"if","locations":[{"start":{"line":86,"column":8},"end":{"line":86,"column":null}},{"start":{},"end":{}}],"line":86},"6":{"loc":{"start":{"line":99,"column":35},"end":{"line":99,"column":null}},"type":"binary-expr","locations":[{"start":{"line":99,"column":35},"end":{"line":99,"column":52}},{"start":{"line":99,"column":52},"end":{"line":99,"column":null}}],"line":99},"7":{"loc":{"start":{"line":101,"column":28},"end":{"line":101,"column":null}},"type":"binary-expr","locations":[{"start":{"line":101,"column":28},"end":{"line":101,"column":48}},{"start":{"line":101,"column":48},"end":{"line":101,"column":null}}],"line":101},"8":{"loc":{"start":{"line":108,"column":33},"end":{"line":108,"column":51}},"type":"binary-expr","locations":[{"start":{"line":108,"column":33},"end":{"line":108,"column":48}},{"start":{"line":108,"column":48},"end":{"line":108,"column":51}}],"line":108},"9":{"loc":{"start":{"line":114,"column":8},"end":{"line":114,"column":null}},"type":"if","locations":[{"start":{"line":114,"column":8},"end":{"line":114,"column":null}},{"start":{},"end":{}}],"line":114},"10":{"loc":{"start":{"line":122,"column":33},"end":{"line":122,"column":51}},"type":"binary-expr","locations":[{"start":{"line":122,"column":33},"end":{"line":122,"column":48}},{"start":{"line":122,"column":48},"end":{"line":122,"column":51}}],"line":122},"11":{"loc":{"start":{"line":128,"column":8},"end":{"line":128,"column":null}},"type":"if","locations":[{"start":{"line":128,"column":8},"end":{"line":128,"column":null}},{"start":{},"end":{}}],"line":128},"12":{"loc":{"start":{"line":133,"column":24},"end":{"line":133,"column":null}},"type":"cond-expr","locations":[{"start":{"line":133,"column":33},"end":{"line":133,"column":58}},{"start":{"line":133,"column":58},"end":{"line":133,"column":null}}],"line":133},"13":{"loc":{"start":{"line":138,"column":33},"end":{"line":138,"column":51}},"type":"binary-expr","locations":[{"start":{"line":138,"column":33},"end":{"line":138,"column":48}},{"start":{"line":138,"column":48},"end":{"line":138,"column":51}}],"line":138},"14":{"loc":{"start":{"line":143,"column":4},"end":{"line":143,"column":null}},"type":"if","locations":[{"start":{"line":143,"column":4},"end":{"line":143,"column":null}},{"start":{},"end":{}}],"line":143},"15":{"loc":{"start":{"line":162,"column":48},"end":{"line":162,"column":88}},"type":"cond-expr","locations":[{"start":{"line":162,"column":75},"end":{"line":162,"column":86}},{"start":{"line":162,"column":86},"end":{"line":162,"column":88}}],"line":162},"16":{"loc":{"start":{"line":169,"column":48},"end":{"line":169,"column":87}},"type":"cond-expr","locations":[{"start":{"line":169,"column":74},"end":{"line":169,"column":85}},{"start":{"line":169,"column":85},"end":{"line":169,"column":87}}],"line":169},"17":{"loc":{"start":{"line":179,"column":21},"end":{"line":205,"column":null}},"type":"binary-expr","locations":[{"start":{"line":179,"column":21},"end":{"line":179,"column":null}},{"start":{"line":180,"column":24},"end":{"line":205,"column":null}}],"line":179},"18":{"loc":{"start":{"line":181,"column":60},"end":{"line":181,"column":120}},"type":"cond-expr","locations":[{"start":{"line":181,"column":92},"end":{"line":181,"column":106}},{"start":{"line":181,"column":106},"end":{"line":181,"column":120}}],"line":181},"19":{"loc":{"start":{"line":183,"column":33},"end":{"line":185,"column":null}},"type":"cond-expr","locations":[{"start":{"line":184,"column":38},"end":{"line":184,"column":null}},{"start":{"line":185,"column":38},"end":{"line":185,"column":null}}],"line":183},"20":{"loc":{"start":{"line":208,"column":21},"end":{"line":276,"column":null}},"type":"binary-expr","locations":[{"start":{"line":208,"column":21},"end":{"line":208,"column":null}},{"start":{"line":209,"column":24},"end":{"line":276,"column":null}}],"line":208},"21":{"loc":{"start":{"line":210,"column":60},"end":{"line":210,"column":113}},"type":"cond-expr","locations":[{"start":{"line":210,"column":85},"end":{"line":210,"column":99}},{"start":{"line":210,"column":99},"end":{"line":210,"column":113}}],"line":210},"22":{"loc":{"start":{"line":212,"column":33},"end":{"line":214,"column":null}},"type":"cond-expr","locations":[{"start":{"line":213,"column":38},"end":{"line":213,"column":null}},{"start":{"line":214,"column":38},"end":{"line":214,"column":null}}],"line":212},"23":{"loc":{"start":{"line":235,"column":29},"end":{"line":245,"column":null}},"type":"binary-expr","locations":[{"start":{"line":235,"column":29},"end":{"line":235,"column":null}},{"start":{"line":236,"column":32},"end":{"line":245,"column":null}}],"line":235},"24":{"loc":{"start":{"line":280,"column":21},"end":{"line":291,"column":null}},"type":"binary-expr","locations":[{"start":{"line":280,"column":21},"end":{"line":280,"column":null}},{"start":{"line":281,"column":24},"end":{"line":291,"column":null}}],"line":280},"25":{"loc":{"start":{"line":286,"column":40},"end":{"line":286,"column":null}},"type":"cond-expr","locations":[{"start":{"line":286,"column":70},"end":{"line":286,"column":94}},{"start":{"line":286,"column":94},"end":{"line":286,"column":null}}],"line":286},"26":{"loc":{"start":{"line":287,"column":35},"end":{"line":287,"column":null}},"type":"cond-expr","locations":[{"start":{"line":287,"column":65},"end":{"line":287,"column":77}},{"start":{"line":287,"column":77},"end":{"line":287,"column":null}}],"line":287},"27":{"loc":{"start":{"line":288,"column":49},"end":{"line":288,"column":124}},"type":"cond-expr","locations":[{"start":{"line":288,"column":79},"end":{"line":288,"column":103}},{"start":{"line":288,"column":103},"end":{"line":288,"column":124}}],"line":288},"28":{"loc":{"start":{"line":297,"column":21},"end":{"line":308,"column":null}},"type":"binary-expr","locations":[{"start":{"line":297,"column":21},"end":{"line":297,"column":null}},{"start":{"line":298,"column":24},"end":{"line":308,"column":null}}],"line":297},"29":{"loc":{"start":{"line":299,"column":29},"end":{"line":306,"column":null}},"type":"cond-expr","locations":[{"start":{"line":300,"column":32},"end":{"line":302,"column":null}},{"start":{"line":304,"column":32},"end":{"line":306,"column":null}}],"line":299},"30":{"loc":{"start":{"line":305,"column":37},"end":{"line":305,"column":null}},"type":"cond-expr","locations":[{"start":{"line":305,"column":47},"end":{"line":305,"column":63}},{"start":{"line":305,"column":63},"end":{"line":305,"column":null}}],"line":305},"31":{"loc":{"start":{"line":310,"column":21},"end":{"line":327,"column":null}},"type":"binary-expr","locations":[{"start":{"line":310,"column":21},"end":{"line":310,"column":null}},{"start":{"line":311,"column":24},"end":{"line":327,"column":null}}],"line":310},"32":{"loc":{"start":{"line":316,"column":33},"end":{"line":316,"column":null}},"type":"cond-expr","locations":[{"start":{"line":316,"column":43},"end":{"line":316,"column":57}},{"start":{"line":316,"column":57},"end":{"line":316,"column":null}}],"line":316},"33":{"loc":{"start":{"line":318,"column":29},"end":{"line":325,"column":null}},"type":"cond-expr","locations":[{"start":{"line":319,"column":32},"end":{"line":321,"column":null}},{"start":{"line":323,"column":32},"end":{"line":325,"column":null}}],"line":318}},"s":{"0":2,"1":2,"2":2,"3":2,"4":2,"5":2,"6":2,"7":2,"8":2,"9":2,"10":2,"11":2,"12":2,"13":2,"14":2,"15":2,"16":2,"17":1,"18":2,"19":1,"20":1,"21":0,"22":0,"23":0,"24":0,"25":0,"26":0,"27":0,"28":0,"29":0,"30":0,"31":0,"32":0,"33":0,"34":0,"35":0,"36":0,"37":0,"38":0,"39":0,"40":0,"41":0,"42":0,"43":0,"44":0,"45":0,"46":0,"47":0,"48":0,"49":0,"50":0,"51":0,"52":0,"53":0,"54":0,"55":0,"56":0,"57":0,"58":0,"59":0,"60":0,"61":0,"62":0,"63":0,"64":0,"65":0,"66":0,"67":0,"68":0,"69":0,"70":0,"71":0,"72":2,"73":1,"74":1,"75":0,"76":0,"77":0,"78":0,"79":0,"80":0,"81":0,"82":0,"83":0,"84":0,"85":0,"86":0,"87":0,"88":0,"89":0,"90":0,"91":0,"92":0},"f":{"0":2,"1":2,"2":1,"3":0,"4":0,"5":0,"6":0,"7":0,"8":0,"9":0,"10":0,"11":0,"12":0,"13":0,"14":0,"15":0,"16":0,"17":0,"18":0,"19":0,"20":0,"21":0,"22":0,"23":0,"24":0},"b":{"0":[1,1],"1":[1,0],"2":[0,0],"3":[0,0],"4":[0,0],"5":[0,0],"6":[0,0],"7":[0,0],"8":[0,0],"9":[0,0],"10":[0,0],"11":[0,0],"12":[0,0],"13":[0,0],"14":[1,1],"15":[1,0],"16":[0,1],"17":[2,1],"18":[0,1],"19":[0,1],"20":[2,0],"21":[0,0],"22":[0,0],"23":[0,0],"24":[2,0],"25":[0,0],"26":[0,0],"27":[0,0],"28":[2,1],"29":[0,1],"30":[0,1],"31":[2,0],"32":[0,0],"33":[0,0]},"meta":{"lastBranch":34,"lastFunction":25,"lastStatement":93,"seen":{"f:25:16:25:39":0,"s:26:34:26:Infinity":0,"s:27:28:27:Infinity":1,"s:28:30:28:Infinity":2,"s:29:30:29:Infinity":3,"s:32:40:32:Infinity":4,"s:35:44:35:Infinity":5,"s:36:32:36:Infinity":6,"s:37:32:37:Infinity":7,"s:38:40:38:Infinity":8,"s:39:42:39:Infinity":9,"s:40:44:40:Infinity":10,"s:41:42:41:Infinity":11,"s:42:28:42:Infinity":12,"s:43:28:43:Infinity":13,"s:44:52:44:Infinity":14,"s:47:4:51:Infinity":15,"f:47:14:47:20":1,"b:48:8:50:Infinity:undefined:undefined:undefined:undefined":0,"s:48:8:50:Infinity":16,"s:49:12:49:Infinity":17,"s:53:20:53:Infinity":18,"f:55:19:55:33":2,"b:56:8:56:Infinity:undefined:undefined:undefined:undefined":1,"s:56:8:56:Infinity":19,"s:56:22:56:Infinity":20,"s:57:8:64:Infinity":21,"s:58:31:58:Infinity":22,"s:59:27:59:Infinity":23,"s:60:12:60:Infinity":24,"s:63:12:63:Infinity":25,"f:67:19:67:40":3,"b:68:8:68:Infinity:undefined:undefined:undefined:undefined":2,"s:68:8:68:Infinity":26,"s:68:24:68:83":27,"s:68:83:68:91":28,"s:69:8:69:Infinity":29,"s:70:8:70:Infinity":30,"s:71:8:81:Infinity":31,"s:72:31:72:Infinity":32,"s:73:27:76:Infinity":33,"b:75:22:75:48:75:48:75:Infinity":3,"s:77:12:77:Infinity":34,"s:78:12:78:Infinity":35,"s:80:12:80:Infinity":36,"b:80:33:80:48:80:48:80:51":4,"s:82:8:82:Infinity":37,"f:85:19:85:42":4,"b:86:8:86:Infinity:undefined:undefined:undefined:undefined":5,"s:86:8:86:Infinity":38,"s:86:24:86:83":39,"s:86:83:86:91":40,"s:87:8:87:Infinity":41,"s:88:8:88:Infinity":42,"s:89:8:109:Infinity":43,"s:90:31:90:Infinity":44,"s:91:12:104:Infinity":45,"b:99:35:99:52:99:52:99:Infinity":6,"b:101:28:101:48:101:48:101:Infinity":7,"s:105:12:105:Infinity":46,"s:106:12:106:Infinity":47,"s:108:12:108:Infinity":48,"b:108:33:108:48:108:48:108:51":8,"s:110:8:110:Infinity":49,"f:113:19:113:42":5,"b:114:8:114:Infinity:undefined:undefined:undefined:undefined":9,"s:114:8:114:Infinity":50,"s:114:22:114:Infinity":51,"s:115:8:115:Infinity":52,"s:116:8:116:Infinity":53,"s:117:8:123:Infinity":54,"s:118:31:118:Infinity":55,"s:119:27:119:Infinity":56,"s:120:12:120:Infinity":57,"s:122:12:122:Infinity":58,"b:122:33:122:48:122:48:122:51":10,"s:124:8:124:Infinity":59,"f:127:19:127:39":6,"b:128:8:128:Infinity:undefined:undefined:undefined:undefined":11,"s:128:8:128:Infinity":60,"s:128:22:128:Infinity":61,"s:129:8:129:Infinity":62,"s:130:8:130:Infinity":63,"s:131:8:139:Infinity":64,"s:132:31:132:Infinity":65,"s:133:24:133:Infinity":66,"b:133:33:133:58:133:58:133:Infinity":12,"s:134:27:134:Infinity":67,"s:135:12:135:Infinity":68,"s:136:12:136:Infinity":69,"s:138:12:138:Infinity":70,"b:138:33:138:48:138:48:138:51":13,"s:140:8:140:Infinity":71,"b:143:4:143:Infinity:undefined:undefined:undefined:undefined":14,"s:143:4:143:Infinity":72,"s:143:17:143:Infinity":73,"s:145:4:331:Infinity":74,"f:147:50:147:51":7,"s:147:57:147:Infinity":75,"b:162:75:162:86:162:86:162:88":15,"f:163:33:163:39":8,"s:163:39:163:Infinity":76,"b:169:74:169:85:169:85:169:87":16,"f:170:33:170:39":9,"s:170:39:170:Infinity":77,"b:179:21:179:Infinity:180:24:205:Infinity":17,"b:181:92:181:106:181:106:181:120":18,"b:184:38:184:Infinity:185:38:185:Infinity":19,"f:193:46:193:47":10,"s:193:53:193:Infinity":78,"b:208:21:208:Infinity:209:24:276:Infinity":20,"b:210:85:210:99:210:99:210:113":21,"b:213:38:213:Infinity:214:38:214:Infinity":22,"f:222:46:222:47":11,"s:222:53:222:Infinity":79,"f:228:72:228:73":12,"s:228:79:228:114":80,"f:232:66:232:67":13,"s:232:73:232:102":81,"b:235:29:235:Infinity:236:32:245:Infinity":23,"f:239:74:239:75":14,"s:239:81:239:110":82,"f:243:94:243:95":15,"s:243:101:243:134":83,"f:250:71:250:72":16,"s:250:78:250:112":84,"f:254:72:254:73":17,"s:254:79:254:114":85,"f:258:71:258:72":18,"s:258:78:258:112":86,"f:262:65:262:66":19,"s:262:72:262:Infinity":87,"f:274:78:274:79":20,"s:274:85:274:112":88,"b:280:21:280:Infinity:281:24:291:Infinity":24,"b:286:70:286:94:286:94:286:Infinity":25,"b:287:65:287:77:287:77:287:Infinity":26,"b:288:79:288:103:288:103:288:124":27,"b:297:21:297:Infinity:298:24:308:Infinity":28,"b:300:32:302:Infinity:304:32:306:Infinity":29,"f:300:88:300:94":21,"s:300:94:300:123":89,"f:304:89:304:95":22,"s:304:95:304:123":90,"b:305:47:305:63:305:63:305:Infinity":30,"b:310:21:310:Infinity:311:24:327:Infinity":31,"b:316:43:316:57:316:57:316:Infinity":32,"b:319:32:321:Infinity:323:32:325:Infinity":33,"f:319:88:319:94":23,"s:319:94:319:122":91,"f:323:91:323:97":24,"s:323:97:323:124":92}}}
,"/Users/navi/Documents/Projects/LOKI TOOLS/Onion Forger/crawli/src/components/Dashboard.tsx": {"path":"/Users/navi/Documents/Projects/LOKI TOOLS/Onion Forger/crawli/src/components/Dashboard.tsx","statementMap":{"0":{"start":{"line":111,"column":14},"end":{"line":111,"column":null}},"1":{"start":{"line":112,"column":22},"end":{"line":112,"column":null}},"2":{"start":{"line":114,"column":26},"end":{"line":114,"column":null}},"3":{"start":{"line":115,"column":2},"end":{"line":118,"column":null}},"4":{"start":{"line":116,"column":22},"end":{"line":116,"column":null}},"5":{"start":{"line":117,"column":4},"end":{"line":117,"column":null}},"6":{"start":{"line":119,"column":25},"end":{"line":119,"column":null}},"7":{"start":{"line":121,"column":34},"end":{"line":121,"column":null}},"8":{"start":{"line":121,"column":81},"end":{"line":121,"column":114}},"9":{"start":{"line":122,"column":27},"end":{"line":122,"column":null}},"10":{"start":{"line":122,"column":74},"end":{"line":122,"column":100}},"11":{"start":{"line":124,"column":21},"end":{"line":124,"column":null}},"12":{"start":{"line":125,"column":20},"end":{"line":125,"column":null}},"13":{"start":{"line":126,"column":22},"end":{"line":126,"column":null}},"14":{"start":{"line":127,"column":25},"end":{"line":127,"column":null}},"15":{"start":{"line":128,"column":25},"end":{"line":128,"column":null}},"16":{"start":{"line":129,"column":19},"end":{"line":129,"column":null}},"17":{"start":{"line":130,"column":31},"end":{"line":130,"column":null}},"18":{"start":{"line":131,"column":22},"end":{"line":131,"column":null}},"19":{"start":{"line":133,"column":4},"end":{"line":135,"column":null}},"20":{"start":{"line":136,"column":8},"end":{"line":136,"column":null}},"21":{"start":{"line":137,"column":29},"end":{"line":137,"column":null}},"22":{"start":{"line":138,"column":37},"end":{"line":140,"column":null}},"23":{"start":{"line":141,"column":34},"end":{"line":145,"column":null}},"24":{"start":{"line":146,"column":33},"end":{"line":146,"column":null}},"25":{"start":{"line":147,"column":30},"end":{"line":147,"column":null}},"26":{"start":{"line":149,"column":4},"end":{"line":149,"column":null}},"27":{"start":{"line":151,"column":4},"end":{"line":153,"column":null}},"28":{"start":{"line":155,"column":4},"end":{"line":157,"column":null}},"29":{"start":{"line":158,"column":26},"end":{"line":158,"column":null}},"30":{"start":{"line":159,"column":18},"end":{"line":159,"column":null}},"31":{"start":{"line":160,"column":26},"end":{"line":163,"column":null}},"32":{"start":{"line":164,"column":8},"end":{"line":164,"column":null}},"33":{"start":{"line":165,"column":24},"end":{"line":165,"column":null}},"34":{"start":{"line":166,"column":25},"end":{"line":166,"column":null}},"35":{"start":{"line":167,"column":27},"end":{"line":167,"column":null}},"36":{"start":{"line":168,"column":8},"end":{"line":168,"column":null}},"37":{"start":{"line":169,"column":8},"end":{"line":169,"column":null}},"38":{"start":{"line":170,"column":8},"end":{"line":170,"column":null}},"39":{"start":{"line":172,"column":4},"end":{"line":172,"column":null}},"40":{"start":{"line":174,"column":4},"end":{"line":174,"column":null}},"41":{"start":{"line":175,"column":29},"end":{"line":175,"column":null}},"42":{"start":{"line":176,"column":26},"end":{"line":176,"column":null}},"43":{"start":{"line":178,"column":2},"end":{"line":200,"column":null}},"44":{"start":{"line":179,"column":4},"end":{"line":179,"column":null}},"45":{"start":{"line":180,"column":4},"end":{"line":185,"column":null}},"46":{"start":{"line":181,"column":6},"end":{"line":181,"column":null}},"47":{"start":{"line":182,"column":6},"end":{"line":182,"column":null}},"48":{"start":{"line":183,"column":4},"end":{"line":185,"column":null}},"49":{"start":{"line":184,"column":6},"end":{"line":184,"column":null}},"50":{"start":{"line":187,"column":4},"end":{"line":189,"column":null}},"51":{"start":{"line":188,"column":6},"end":{"line":188,"column":null}},"52":{"start":{"line":191,"column":18},"end":{"line":191,"column":null}},"53":{"start":{"line":191,"column":48},"end":{"line":191,"column":112}},"54":{"start":{"line":192,"column":24},"end":{"line":192,"column":null}},"55":{"start":{"line":192,"column":54},"end":{"line":192,"column":120}},"56":{"start":{"line":194,"column":4},"end":{"line":199,"column":null}},"57":{"start":{"line":195,"column":6},"end":{"line":195,"column":null}},"58":{"start":{"line":196,"column":4},"end":{"line":199,"column":null}},"59":{"start":{"line":197,"column":6},"end":{"line":197,"column":null}},"60":{"start":{"line":198,"column":6},"end":{"line":198,"column":null}},"61":{"start":{"line":201,"column":23},"end":{"line":201,"column":null}},"62":{"start":{"line":202,"column":8},"end":{"line":202,"column":null}},"63":{"start":{"line":203,"column":19},"end":{"line":205,"column":null}},"64":{"start":{"line":207,"column":2},"end":{"line":379,"column":null}}},"fnMap":{"0":{"name":"Dashboard","decl":{"start":{"line":94,"column":16},"end":{"line":94,"column":26}},"loc":{"start":{"line":110,"column":19},"end":{"line":381,"column":null}},"line":110},"1":{"name":"(anonymous_1)","decl":{"start":{"line":115,"column":43},"end":{"line":115,"column":44}},"loc":{"start":{"line":115,"column":61},"end":{"line":118,"column":3}},"line":115},"2":{"name":"(anonymous_2)","decl":{"start":{"line":121,"column":56},"end":{"line":121,"column":57}},"loc":{"start":{"line":121,"column":81},"end":{"line":121,"column":114}},"line":121},"3":{"name":"(anonymous_3)","decl":{"start":{"line":122,"column":49},"end":{"line":122,"column":50}},"loc":{"start":{"line":122,"column":74},"end":{"line":122,"column":100}},"line":122},"4":{"name":"(anonymous_4)","decl":{"start":{"line":191,"column":43},"end":{"line":191,"column":48}},"loc":{"start":{"line":191,"column":48},"end":{"line":191,"column":112}},"line":191},"5":{"name":"(anonymous_5)","decl":{"start":{"line":192,"column":49},"end":{"line":192,"column":54}},"loc":{"start":{"line":192,"column":54},"end":{"line":192,"column":120}},"line":192}},"branchMap":{"0":{"loc":{"start":{"line":116,"column":22},"end":{"line":116,"column":null}},"type":"binary-expr","locations":[{"start":{"line":116,"column":22},"end":{"line":116,"column":37}},{"start":{"line":116,"column":37},"end":{"line":116,"column":null}}],"line":116},"1":{"loc":{"start":{"line":121,"column":88},"end":{"line":121,"column":114}},"type":"binary-expr","locations":[{"start":{"line":121,"column":88},"end":{"line":121,"column":110}},{"start":{"line":121,"column":110},"end":{"line":121,"column":114}}],"line":121},"2":{"loc":{"start":{"line":122,"column":81},"end":{"line":122,"column":100}},"type":"binary-expr","locations":[{"start":{"line":122,"column":81},"end":{"line":122,"column":96}},{"start":{"line":122,"column":96},"end":{"line":122,"column":100}}],"line":122},"3":{"loc":{"start":{"line":124,"column":30},"end":{"line":124,"column":67}},"type":"binary-expr","locations":[{"start":{"line":124,"column":30},"end":{"line":124,"column":64}},{"start":{"line":124,"column":64},"end":{"line":124,"column":67}}],"line":124},"4":{"loc":{"start":{"line":125,"column":29},"end":{"line":125,"column":70}},"type":"binary-expr","locations":[{"start":{"line":125,"column":29},"end":{"line":125,"column":67}},{"start":{"line":125,"column":67},"end":{"line":125,"column":70}}],"line":125},"5":{"loc":{"start":{"line":126,"column":31},"end":{"line":126,"column":69}},"type":"binary-expr","locations":[{"start":{"line":126,"column":31},"end":{"line":126,"column":66}},{"start":{"line":126,"column":66},"end":{"line":126,"column":69}}],"line":126},"6":{"loc":{"start":{"line":130,"column":31},"end":{"line":130,"column":null}},"type":"binary-expr","locations":[{"start":{"line":130,"column":31},"end":{"line":130,"column":44}},{"start":{"line":130,"column":44},"end":{"line":130,"column":58}},{"start":{"line":130,"column":58},"end":{"line":130,"column":80}},{"start":{"line":130,"column":80},"end":{"line":130,"column":null}}],"line":130},"7":{"loc":{"start":{"line":131,"column":22},"end":{"line":131,"column":null}},"type":"cond-expr","locations":[{"start":{"line":131,"column":33},"end":{"line":131,"column":99}},{"start":{"line":131,"column":99},"end":{"line":131,"column":null}}],"line":131},"8":{"loc":{"start":{"line":133,"column":4},"end":{"line":135,"column":null}},"type":"cond-expr","locations":[{"start":{"line":134,"column":8},"end":{"line":134,"column":null}},{"start":{"line":135,"column":9},"end":{"line":135,"column":null}}],"line":133},"9":{"loc":{"start":{"line":133,"column":4},"end":{"line":133,"column":null}},"type":"binary-expr","locations":[{"start":{"line":133,"column":4},"end":{"line":133,"column":26}},{"start":{"line":133,"column":26},"end":{"line":133,"column":60}},{"start":{"line":133,"column":60},"end":{"line":133,"column":null}}],"line":133},"10":{"loc":{"start":{"line":135,"column":9},"end":{"line":135,"column":null}},"type":"cond-expr","locations":[{"start":{"line":135,"column":44},"end":{"line":135,"column":57}},{"start":{"line":135,"column":57},"end":{"line":135,"column":null}}],"line":135},"11":{"loc":{"start":{"line":135,"column":9},"end":{"line":135,"column":44}},"type":"binary-expr","locations":[{"start":{"line":135,"column":9},"end":{"line":135,"column":33}},{"start":{"line":135,"column":33},"end":{"line":135,"column":44}}],"line":135},"12":{"loc":{"start":{"line":138,"column":37},"end":{"line":140,"column":null}},"type":"cond-expr","locations":[{"start":{"line":139,"column":6},"end":{"line":139,"column":null}},{"start":{"line":140,"column":6},"end":{"line":140,"column":null}}],"line":138},"13":{"loc":{"start":{"line":138,"column":37},"end":{"line":138,"column":null}},"type":"binary-expr","locations":[{"start":{"line":138,"column":37},"end":{"line":138,"column":49}},{"start":{"line":138,"column":49},"end":{"line":138,"column":null}}],"line":138},"14":{"loc":{"start":{"line":143,"column":4},"end":{"line":143,"column":null}},"type":"binary-expr","locations":[{"start":{"line":143,"column":4},"end":{"line":143,"column":43}},{"start":{"line":143,"column":43},"end":{"line":143,"column":null}}],"line":143},"15":{"loc":{"start":{"line":147,"column":30},"end":{"line":147,"column":null}},"type":"binary-expr","locations":[{"start":{"line":147,"column":30},"end":{"line":147,"column":63}},{"start":{"line":147,"column":63},"end":{"line":147,"column":null}}],"line":147},"16":{"loc":{"start":{"line":149,"column":4},"end":{"line":149,"column":null}},"type":"cond-expr","locations":[{"start":{"line":149,"column":29},"end":{"line":149,"column":86}},{"start":{"line":149,"column":86},"end":{"line":149,"column":null}}],"line":149},"17":{"loc":{"start":{"line":151,"column":4},"end":{"line":153,"column":null}},"type":"cond-expr","locations":[{"start":{"line":152,"column":8},"end":{"line":152,"column":null}},{"start":{"line":153,"column":9},"end":{"line":153,"column":null}}],"line":151},"18":{"loc":{"start":{"line":153,"column":9},"end":{"line":153,"column":null}},"type":"cond-expr","locations":[{"start":{"line":153,"column":35},"end":{"line":153,"column":57}},{"start":{"line":153,"column":57},"end":{"line":153,"column":null}}],"line":153},"19":{"loc":{"start":{"line":155,"column":4},"end":{"line":157,"column":null}},"type":"cond-expr","locations":[{"start":{"line":156,"column":8},"end":{"line":156,"column":null}},{"start":{"line":157,"column":8},"end":{"line":157,"column":null}}],"line":155},"20":{"loc":{"start":{"line":155,"column":4},"end":{"line":155,"column":null}},"type":"binary-expr","locations":[{"start":{"line":155,"column":4},"end":{"line":155,"column":16}},{"start":{"line":155,"column":16},"end":{"line":155,"column":null}}],"line":155},"21":{"loc":{"start":{"line":158,"column":26},"end":{"line":158,"column":null}},"type":"cond-expr","locations":[{"start":{"line":158,"column":37},"end":{"line":158,"column":74}},{"start":{"line":158,"column":74},"end":{"line":158,"column":null}}],"line":158},"22":{"loc":{"start":{"line":162,"column":4},"end":{"line":162,"column":null}},"type":"binary-expr","locations":[{"start":{"line":162,"column":4},"end":{"line":162,"column":45}},{"start":{"line":162,"column":45},"end":{"line":162,"column":66}},{"start":{"line":162,"column":66},"end":{"line":162,"column":null}}],"line":162},"23":{"loc":{"start":{"line":165,"column":36},"end":{"line":165,"column":74}},"type":"binary-expr","locations":[{"start":{"line":165,"column":36},"end":{"line":165,"column":73}},{"start":{"line":165,"column":73},"end":{"line":165,"column":74}}],"line":165},"24":{"loc":{"start":{"line":166,"column":37},"end":{"line":166,"column":76}},"type":"binary-expr","locations":[{"start":{"line":166,"column":37},"end":{"line":166,"column":75}},{"start":{"line":166,"column":75},"end":{"line":166,"column":76}}],"line":166},"25":{"loc":{"start":{"line":167,"column":62},"end":{"line":167,"column":100}},"type":"binary-expr","locations":[{"start":{"line":167,"column":62},"end":{"line":167,"column":99}},{"start":{"line":167,"column":99},"end":{"line":167,"column":100}}],"line":167},"26":{"loc":{"start":{"line":172,"column":4},"end":{"line":172,"column":null}},"type":"cond-expr","locations":[{"start":{"line":172,"column":39},"end":{"line":172,"column":71}},{"start":{"line":172,"column":71},"end":{"line":172,"column":null}}],"line":172},"27":{"loc":{"start":{"line":174,"column":4},"end":{"line":174,"column":null}},"type":"cond-expr","locations":[{"start":{"line":174,"column":39},"end":{"line":174,"column":70}},{"start":{"line":174,"column":70},"end":{"line":174,"column":null}}],"line":174},"28":{"loc":{"start":{"line":175,"column":29},"end":{"line":175,"column":null}},"type":"binary-expr","locations":[{"start":{"line":175,"column":29},"end":{"line":175,"column":94}},{"start":{"line":175,"column":94},"end":{"line":175,"column":null}}],"line":175},"29":{"loc":{"start":{"line":176,"column":26},"end":{"line":176,"column":null}},"type":"binary-expr","locations":[{"start":{"line":176,"column":26},"end":{"line":176,"column":88}},{"start":{"line":176,"column":88},"end":{"line":176,"column":null}}],"line":176},"30":{"loc":{"start":{"line":178,"column":2},"end":{"line":200,"column":null}},"type":"if","locations":[{"start":{"line":178,"column":2},"end":{"line":200,"column":null}},{"start":{},"end":{}}],"line":178},"31":{"loc":{"start":{"line":180,"column":4},"end":{"line":185,"column":null}},"type":"if","locations":[{"start":{"line":180,"column":4},"end":{"line":185,"column":null}},{"start":{"line":183,"column":4},"end":{"line":185,"column":null}}],"line":180},"32":{"loc":{"start":{"line":180,"column":8},"end":{"line":180,"column":117}},"type":"binary-expr","locations":[{"start":{"line":180,"column":8},"end":{"line":180,"column":43}},{"start":{"line":180,"column":43},"end":{"line":180,"column":83}},{"start":{"line":180,"column":83},"end":{"line":180,"column":117}}],"line":180},"33":{"loc":{"start":{"line":183,"column":4},"end":{"line":185,"column":null}},"type":"if","locations":[{"start":{"line":183,"column":4},"end":{"line":185,"column":null}},{"start":{},"end":{}}],"line":183},"34":{"loc":{"start":{"line":187,"column":4},"end":{"line":189,"column":null}},"type":"if","locations":[{"start":{"line":187,"column":4},"end":{"line":189,"column":null}},{"start":{},"end":{}}],"line":187},"35":{"loc":{"start":{"line":187,"column":8},"end":{"line":187,"column":59}},"type":"binary-expr","locations":[{"start":{"line":187,"column":8},"end":{"line":187,"column":25}},{"start":{"line":187,"column":25},"end":{"line":187,"column":59}}],"line":187},"36":{"loc":{"start":{"line":191,"column":48},"end":{"line":191,"column":112}},"type":"binary-expr","locations":[{"start":{"line":191,"column":48},"end":{"line":191,"column":85}},{"start":{"line":191,"column":85},"end":{"line":191,"column":112}}],"line":191},"37":{"loc":{"start":{"line":192,"column":54},"end":{"line":192,"column":120}},"type":"binary-expr","locations":[{"start":{"line":192,"column":54},"end":{"line":192,"column":87}},{"start":{"line":192,"column":87},"end":{"line":192,"column":120}}],"line":192},"38":{"loc":{"start":{"line":194,"column":4},"end":{"line":199,"column":null}},"type":"if","locations":[{"start":{"line":194,"column":4},"end":{"line":199,"column":null}},{"start":{"line":196,"column":4},"end":{"line":199,"column":null}}],"line":194},"39":{"loc":{"start":{"line":194,"column":8},"end":{"line":194,"column":110}},"type":"binary-expr","locations":[{"start":{"line":194,"column":8},"end":{"line":194,"column":33}},{"start":{"line":194,"column":33},"end":{"line":194,"column":43}},{"start":{"line":194,"column":43},"end":{"line":194,"column":59}},{"start":{"line":194,"column":59},"end":{"line":194,"column":110}}],"line":194},"40":{"loc":{"start":{"line":196,"column":4},"end":{"line":199,"column":null}},"type":"if","locations":[{"start":{"line":196,"column":4},"end":{"line":199,"column":null}},{"start":{},"end":{}}],"line":196},"41":{"loc":{"start":{"line":196,"column":15},"end":{"line":196,"column":38}},"type":"binary-expr","locations":[{"start":{"line":196,"column":15},"end":{"line":196,"column":30}},{"start":{"line":196,"column":30},"end":{"line":196,"column":38}}],"line":196},"42":{"loc":{"start":{"line":201,"column":49},"end":{"line":201,"column":81}},"type":"binary-expr","locations":[{"start":{"line":201,"column":49},"end":{"line":201,"column":80}},{"start":{"line":201,"column":80},"end":{"line":201,"column":81}}],"line":201},"43":{"loc":{"start":{"line":202,"column":22},"end":{"line":202,"column":51}},"type":"binary-expr","locations":[{"start":{"line":202,"column":22},"end":{"line":202,"column":43}},{"start":{"line":202,"column":43},"end":{"line":202,"column":51}}],"line":202},"44":{"loc":{"start":{"line":203,"column":19},"end":{"line":205,"column":null}},"type":"cond-expr","locations":[{"start":{"line":204,"column":6},"end":{"line":204,"column":null}},{"start":{"line":205,"column":6},"end":{"line":205,"column":null}}],"line":203},"45":{"loc":{"start":{"line":203,"column":19},"end":{"line":203,"column":null}},"type":"binary-expr","locations":[{"start":{"line":203,"column":19},"end":{"line":203,"column":45}},{"start":{"line":203,"column":45},"end":{"line":203,"column":null}}],"line":203},"46":{"loc":{"start":{"line":213,"column":54},"end":{"line":213,"column":113}},"type":"cond-expr","locations":[{"start":{"line":213,"column":67},"end":{"line":213,"column":93}},{"start":{"line":213,"column":93},"end":{"line":213,"column":113}}],"line":213},"47":{"loc":{"start":{"line":216,"column":15},"end":{"line":216,"column":null}},"type":"binary-expr","locations":[{"start":{"line":216,"column":15},"end":{"line":216,"column":29}},{"start":{"line":216,"column":29},"end":{"line":216,"column":null}}],"line":216},"48":{"loc":{"start":{"line":227,"column":11},"end":{"line":227,"column":null}},"type":"binary-expr","locations":[{"start":{"line":227,"column":11},"end":{"line":227,"column":26}},{"start":{"line":227,"column":26},"end":{"line":227,"column":null}}],"line":227},"49":{"loc":{"start":{"line":235,"column":39},"end":{"line":235,"column":71}},"type":"binary-expr","locations":[{"start":{"line":235,"column":39},"end":{"line":235,"column":56}},{"start":{"line":235,"column":56},"end":{"line":235,"column":71}}],"line":235},"50":{"loc":{"start":{"line":252,"column":87},"end":{"line":252,"column":147}},"type":"binary-expr","locations":[{"start":{"line":252,"column":87},"end":{"line":252,"column":140}},{"start":{"line":252,"column":140},"end":{"line":252,"column":147}}],"line":252},"51":{"loc":{"start":{"line":253,"column":126},"end":{"line":253,"column":186}},"type":"binary-expr","locations":[{"start":{"line":253,"column":126},"end":{"line":253,"column":179}},{"start":{"line":253,"column":179},"end":{"line":253,"column":186}}],"line":253},"52":{"loc":{"start":{"line":254,"column":118},"end":{"line":254,"column":162}},"type":"binary-expr","locations":[{"start":{"line":254,"column":118},"end":{"line":254,"column":160}},{"start":{"line":254,"column":160},"end":{"line":254,"column":162}}],"line":254},"53":{"loc":{"start":{"line":255,"column":94},"end":{"line":255,"column":154}},"type":"binary-expr","locations":[{"start":{"line":255,"column":94},"end":{"line":255,"column":147}},{"start":{"line":255,"column":147},"end":{"line":255,"column":154}}],"line":255},"54":{"loc":{"start":{"line":256,"column":91},"end":{"line":256,"column":148}},"type":"binary-expr","locations":[{"start":{"line":256,"column":91},"end":{"line":256,"column":140}},{"start":{"line":256,"column":140},"end":{"line":256,"column":148}}],"line":256},"55":{"loc":{"start":{"line":258,"column":102},"end":{"line":258,"column":140}},"type":"binary-expr","locations":[{"start":{"line":258,"column":102},"end":{"line":258,"column":135}},{"start":{"line":258,"column":135},"end":{"line":258,"column":140}}],"line":258},"56":{"loc":{"start":{"line":258,"column":162},"end":{"line":258,"column":200}},"type":"binary-expr","locations":[{"start":{"line":258,"column":162},"end":{"line":258,"column":195}},{"start":{"line":258,"column":195},"end":{"line":258,"column":200}}],"line":258},"57":{"loc":{"start":{"line":258,"column":216},"end":{"line":258,"column":254}},"type":"binary-expr","locations":[{"start":{"line":258,"column":216},"end":{"line":258,"column":249}},{"start":{"line":258,"column":249},"end":{"line":258,"column":254}}],"line":258},"58":{"loc":{"start":{"line":259,"column":93},"end":{"line":259,"column":130}},"type":"binary-expr","locations":[{"start":{"line":259,"column":93},"end":{"line":259,"column":128}},{"start":{"line":259,"column":128},"end":{"line":259,"column":130}}],"line":259},"59":{"loc":{"start":{"line":277,"column":13},"end":{"line":280,"column":null}},"type":"cond-expr","locations":[{"start":{"line":278,"column":14},"end":{"line":278,"column":null}},{"start":{"line":280,"column":14},"end":{"line":280,"column":null}}],"line":277},"60":{"loc":{"start":{"line":284,"column":18},"end":{"line":284,"column":66}},"type":"binary-expr","locations":[{"start":{"line":284,"column":18},"end":{"line":284,"column":53}},{"start":{"line":284,"column":53},"end":{"line":284,"column":66}}],"line":284},"61":{"loc":{"start":{"line":290,"column":7},"end":{"line":298,"column":null}},"type":"binary-expr","locations":[{"start":{"line":290,"column":7},"end":{"line":290,"column":null}},{"start":{"line":291,"column":8},"end":{"line":298,"column":null}}],"line":290},"62":{"loc":{"start":{"line":306,"column":13},"end":{"line":306,"column":null}},"type":"cond-expr","locations":[{"start":{"line":306,"column":30},"end":{"line":306,"column":93}},{"start":{"line":306,"column":93},"end":{"line":306,"column":null}}],"line":306},"63":{"loc":{"start":{"line":309,"column":13},"end":{"line":311,"column":null}},"type":"cond-expr","locations":[{"start":{"line":310,"column":16},"end":{"line":310,"column":null}},{"start":{"line":311,"column":16},"end":{"line":311,"column":null}}],"line":309},"64":{"loc":{"start":{"line":314,"column":13},"end":{"line":316,"column":null}},"type":"cond-expr","locations":[{"start":{"line":315,"column":16},"end":{"line":315,"column":null}},{"start":{"line":316,"column":16},"end":{"line":316,"column":null}}],"line":314},"65":{"loc":{"start":{"line":323,"column":39},"end":{"line":323,"column":101}},"type":"cond-expr","locations":[{"start":{"line":323,"column":62},"end":{"line":323,"column":84}},{"start":{"line":323,"column":84},"end":{"line":323,"column":101}}],"line":323},"66":{"loc":{"start":{"line":325,"column":42},"end":{"line":325,"column":97}},"type":"cond-expr","locations":[{"start":{"line":325,"column":65},"end":{"line":325,"column":83}},{"start":{"line":325,"column":83},"end":{"line":325,"column":97}}],"line":325},"67":{"loc":{"start":{"line":327,"column":15},"end":{"line":329,"column":null}},"type":"cond-expr","locations":[{"start":{"line":328,"column":18},"end":{"line":328,"column":null}},{"start":{"line":329,"column":18},"end":{"line":329,"column":null}}],"line":327},"68":{"loc":{"start":{"line":335,"column":33},"end":{"line":335,"column":86}},"type":"cond-expr","locations":[{"start":{"line":335,"column":56},"end":{"line":335,"column":74}},{"start":{"line":335,"column":74},"end":{"line":335,"column":86}}],"line":335},"69":{"loc":{"start":{"line":338,"column":11},"end":{"line":361,"column":null}},"type":"cond-expr","locations":[{"start":{"line":339,"column":12},"end":{"line":356,"column":null}},{"start":{"line":358,"column":12},"end":{"line":361,"column":null}}],"line":338},"70":{"loc":{"start":{"line":346,"column":15},"end":{"line":350,"column":null}},"type":"cond-expr","locations":[{"start":{"line":347,"column":16},"end":{"line":349,"column":null}},{"start":{"line":350,"column":18},"end":{"line":350,"column":null}}],"line":346},"71":{"loc":{"start":{"line":348,"column":202},"end":{"line":348,"column":null}},"type":"cond-expr","locations":[{"start":{"line":348,"column":239},"end":{"line":348,"column":261}},{"start":{"line":348,"column":261},"end":{"line":348,"column":null}}],"line":348},"72":{"loc":{"start":{"line":351,"column":15},"end":{"line":355,"column":null}},"type":"cond-expr","locations":[{"start":{"line":352,"column":16},"end":{"line":354,"column":null}},{"start":{"line":355,"column":18},"end":{"line":355,"column":null}}],"line":351},"73":{"loc":{"start":{"line":360,"column":15},"end":{"line":360,"column":null}},"type":"cond-expr","locations":[{"start":{"line":360,"column":57},"end":{"line":360,"column":121}},{"start":{"line":360,"column":121},"end":{"line":360,"column":null}}],"line":360},"74":{"loc":{"start":{"line":373,"column":23},"end":{"line":373,"column":null}},"type":"binary-expr","locations":[{"start":{"line":373,"column":23},"end":{"line":373,"column":52}},{"start":{"line":373,"column":52},"end":{"line":373,"column":null}}],"line":373},"75":{"loc":{"start":{"line":374,"column":38},"end":{"line":374,"column":null}},"type":"binary-expr","locations":[{"start":{"line":374,"column":38},"end":{"line":374,"column":82}},{"start":{"line":374,"column":82},"end":{"line":374,"column":null}}],"line":374}},"s":{"0":1,"1":1,"2":1,"3":1,"4":0,"5":0,"6":1,"7":1,"8":0,"9":1,"10":0,"11":1,"12":1,"13":1,"14":1,"15":1,"16":1,"17":1,"18":1,"19":1,"20":1,"21":1,"22":1,"23":1,"24":1,"25":1,"26":1,"27":1,"28":1,"29":1,"30":1,"31":1,"32":1,"33":1,"34":1,"35":1,"36":1,"37":1,"38":1,"39":1,"40":1,"41":1,"42":1,"43":1,"44":0,"45":0,"46":0,"47":0,"48":0,"49":0,"50":0,"51":0,"52":0,"53":0,"54":0,"55":0,"56":0,"57":0,"58":0,"59":0,"60":0,"61":1,"62":1,"63":1,"64":1},"f":{"0":1,"1":0,"2":0,"3":0,"4":0,"5":0},"b":{"0":[0,0],"1":[0,0],"2":[0,0],"3":[1,1],"4":[1,1],"5":[1,1],"6":[1,0,0,0],"7":[0,1],"8":[0,1],"9":[1,0,0],"10":[0,1],"11":[1,1],"12":[0,1],"13":[1,0],"14":[1,1],"15":[1,1],"16":[0,1],"17":[0,1],"18":[0,1],"19":[0,1],"20":[1,0],"21":[0,1],"22":[1,1,1],"23":[1,1],"24":[1,1],"25":[1,1],"26":[0,1],"27":[0,1],"28":[1,1],"29":[1,1],"30":[0,1],"31":[0,0],"32":[0,0,0],"33":[0,0],"34":[0,0],"35":[0,0],"36":[0,0],"37":[0,0],"38":[0,0],"39":[0,0,0,0],"40":[0,0],"41":[0,0],"42":[1,1],"43":[1,0],"44":[0,1],"45":[1,0],"46":[0,1],"47":[1,0],"48":[1,0],"49":[1,0],"50":[1,0],"51":[1,0],"52":[1,1],"53":[1,0],"54":[1,0],"55":[1,1],"56":[1,1],"57":[1,1],"58":[1,1],"59":[0,1],"60":[1,1],"61":[1,0],"62":[0,1],"63":[0,1],"64":[0,1],"65":[0,1],"66":[0,1],"67":[0,1],"68":[0,1],"69":[0,1],"70":[0,0],"71":[0,0],"72":[0,0],"73":[0,1],"74":[1,1],"75":[1,1]},"meta":{"lastBranch":76,"lastFunction":6,"lastStatement":65,"seen":{"f:94:16:94:26":0,"s:111:14:111:Infinity":0,"s:112:22:112:Infinity":1,"s:114:26:114:Infinity":2,"s:115:2:118:Infinity":3,"f:115:43:115:44":1,"s:116:22:116:Infinity":4,"b:116:22:116:37:116:37:116:Infinity":0,"s:117:4:117:Infinity":5,"s:119:25:119:Infinity":6,"s:121:34:121:Infinity":7,"f:121:56:121:57":2,"s:121:81:121:114":8,"b:121:88:121:110:121:110:121:114":1,"s:122:27:122:Infinity":9,"f:122:49:122:50":3,"s:122:74:122:100":10,"b:122:81:122:96:122:96:122:100":2,"s:124:21:124:Infinity":11,"b:124:30:124:64:124:64:124:67":3,"s:125:20:125:Infinity":12,"b:125:29:125:67:125:67:125:70":4,"s:126:22:126:Infinity":13,"b:126:31:126:66:126:66:126:69":5,"s:127:25:127:Infinity":14,"s:128:25:128:Infinity":15,"s:129:19:129:Infinity":16,"s:130:31:130:Infinity":17,"b:130:31:130:44:130:44:130:58:130:58:130:80:130:80:130:Infinity":6,"s:131:22:131:Infinity":18,"b:131:33:131:99:131:99:131:Infinity":7,"s:133:4:135:Infinity":19,"b:134:8:134:Infinity:135:9:135:Infinity":8,"b:133:4:133:26:133:26:133:60:133:60:133:Infinity":9,"b:135:44:135:57:135:57:135:Infinity":10,"b:135:9:135:33:135:33:135:44":11,"s:136:8:136:Infinity":20,"s:137:29:137:Infinity":21,"s:138:37:140:Infinity":22,"b:139:6:139:Infinity:140:6:140:Infinity":12,"b:138:37:138:49:138:49:138:Infinity":13,"s:141:34:145:Infinity":23,"b:143:4:143:43:143:43:143:Infinity":14,"s:146:33:146:Infinity":24,"s:147:30:147:Infinity":25,"b:147:30:147:63:147:63:147:Infinity":15,"s:149:4:149:Infinity":26,"b:149:29:149:86:149:86:149:Infinity":16,"s:151:4:153:Infinity":27,"b:152:8:152:Infinity:153:9:153:Infinity":17,"b:153:35:153:57:153:57:153:Infinity":18,"s:155:4:157:Infinity":28,"b:156:8:156:Infinity:157:8:157:Infinity":19,"b:155:4:155:16:155:16:155:Infinity":20,"s:158:26:158:Infinity":29,"b:158:37:158:74:158:74:158:Infinity":21,"s:159:18:159:Infinity":30,"s:160:26:163:Infinity":31,"b:162:4:162:45:162:45:162:66:162:66:162:Infinity":22,"s:164:8:164:Infinity":32,"s:165:24:165:Infinity":33,"b:165:36:165:73:165:73:165:74":23,"s:166:25:166:Infinity":34,"b:166:37:166:75:166:75:166:76":24,"s:167:27:167:Infinity":35,"b:167:62:167:99:167:99:167:100":25,"s:168:8:168:Infinity":36,"s:169:8:169:Infinity":37,"s:170:8:170:Infinity":38,"s:172:4:172:Infinity":39,"b:172:39:172:71:172:71:172:Infinity":26,"s:174:4:174:Infinity":40,"b:174:39:174:70:174:70:174:Infinity":27,"s:175:29:175:Infinity":41,"b:175:29:175:94:175:94:175:Infinity":28,"s:176:26:176:Infinity":42,"b:176:26:176:88:176:88:176:Infinity":29,"b:178:2:200:Infinity:undefined:undefined:undefined:undefined":30,"s:178:2:200:Infinity":43,"s:179:4:179:Infinity":44,"b:180:4:185:Infinity:183:4:185:Infinity":31,"s:180:4:185:Infinity":45,"b:180:8:180:43:180:43:180:83:180:83:180:117":32,"s:181:6:181:Infinity":46,"s:182:6:182:Infinity":47,"b:183:4:185:Infinity:undefined:undefined:undefined:undefined":33,"s:183:4:185:Infinity":48,"s:184:6:184:Infinity":49,"b:187:4:189:Infinity:undefined:undefined:undefined:undefined":34,"s:187:4:189:Infinity":50,"b:187:8:187:25:187:25:187:59":35,"s:188:6:188:Infinity":51,"s:191:18:191:Infinity":52,"f:191:43:191:48":4,"s:191:48:191:112":53,"b:191:48:191:85:191:85:191:112":36,"s:192:24:192:Infinity":54,"f:192:49:192:54":5,"s:192:54:192:120":55,"b:192:54:192:87:192:87:192:120":37,"b:194:4:199:Infinity:196:4:199:Infinity":38,"s:194:4:199:Infinity":56,"b:194:8:194:33:194:33:194:43:194:43:194:59:194:59:194:110":39,"s:195:6:195:Infinity":57,"b:196:4:199:Infinity:undefined:undefined:undefined:undefined":40,"s:196:4:199:Infinity":58,"b:196:15:196:30:196:30:196:38":41,"s:197:6:197:Infinity":59,"s:198:6:198:Infinity":60,"s:201:23:201:Infinity":61,"b:201:49:201:80:201:80:201:81":42,"s:202:8:202:Infinity":62,"b:202:22:202:43:202:43:202:51":43,"s:203:19:205:Infinity":63,"b:204:6:204:Infinity:205:6:205:Infinity":44,"b:203:19:203:45:203:45:203:Infinity":45,"s:207:2:379:Infinity":64,"b:213:67:213:93:213:93:213:113":46,"b:216:15:216:29:216:29:216:Infinity":47,"b:227:11:227:26:227:26:227:Infinity":48,"b:235:39:235:56:235:56:235:71":49,"b:252:87:252:140:252:140:252:147":50,"b:253:126:253:179:253:179:253:186":51,"b:254:118:254:160:254:160:254:162":52,"b:255:94:255:147:255:147:255:154":53,"b:256:91:256:140:256:140:256:148":54,"b:258:102:258:135:258:135:258:140":55,"b:258:162:258:195:258:195:258:200":56,"b:258:216:258:249:258:249:258:254":57,"b:259:93:259:128:259:128:259:130":58,"b:278:14:278:Infinity:280:14:280:Infinity":59,"b:284:18:284:53:284:53:284:66":60,"b:290:7:290:Infinity:291:8:298:Infinity":61,"b:306:30:306:93:306:93:306:Infinity":62,"b:310:16:310:Infinity:311:16:311:Infinity":63,"b:315:16:315:Infinity:316:16:316:Infinity":64,"b:323:62:323:84:323:84:323:101":65,"b:325:65:325:83:325:83:325:97":66,"b:328:18:328:Infinity:329:18:329:Infinity":67,"b:335:56:335:74:335:74:335:86":68,"b:339:12:356:Infinity:358:12:361:Infinity":69,"b:347:16:349:Infinity:350:18:350:Infinity":70,"b:348:239:348:261:348:261:348:Infinity":71,"b:352:16:354:Infinity:355:18:355:Infinity":72,"b:360:57:360:121:360:121:360:Infinity":73,"b:373:23:373:52:373:52:373:Infinity":74,"b:374:38:374:82:374:82:374:Infinity":75}}}
,"/Users/navi/Documents/Projects/LOKI TOOLS/Onion Forger/crawli/src/components/VFSExplorer.tsx": {"path":"/Users/navi/Documents/Projects/LOKI TOOLS/Onion Forger/crawli/src/components/VFSExplorer.tsx","statementMap":{"0":{"start":{"line":39,"column":4},"end":{"line":39,"column":null}},"1":{"start":{"line":39,"column":24},"end":{"line":39,"column":null}},"2":{"start":{"line":40,"column":4},"end":{"line":40,"column":null}},"3":{"start":{"line":40,"column":21},"end":{"line":40,"column":null}},"4":{"start":{"line":41,"column":14},"end":{"line":41,"column":null}},"5":{"start":{"line":42,"column":18},"end":{"line":42,"column":null}},"6":{"start":{"line":43,"column":14},"end":{"line":43,"column":null}},"7":{"start":{"line":44,"column":4},"end":{"line":44,"column":null}},"8":{"start":{"line":58,"column":26},"end":{"line":58,"column":null}},"9":{"start":{"line":59,"column":34},"end":{"line":59,"column":null}},"10":{"start":{"line":60,"column":38},"end":{"line":60,"column":null}},"11":{"start":{"line":61,"column":48},"end":{"line":61,"column":null}},"12":{"start":{"line":62,"column":27},"end":{"line":62,"column":null}},"13":{"start":{"line":63,"column":26},"end":{"line":63,"column":null}},"14":{"start":{"line":65,"column":25},"end":{"line":178,"column":null}},"15":{"start":{"line":66,"column":8},"end":{"line":115,"column":null}},"16":{"start":{"line":67,"column":18},"end":{"line":67,"column":null}},"17":{"start":{"line":68,"column":29},"end":{"line":76,"column":null}},"18":{"start":{"line":69,"column":25},"end":{"line":69,"column":75}},"19":{"start":{"line":70,"column":33},"end":{"line":70,"column":82}},"20":{"start":{"line":72,"column":20},"end":{"line":74,"column":null}},"21":{"start":{"line":73,"column":24},"end":{"line":73,"column":null}},"22":{"start":{"line":75,"column":20},"end":{"line":75,"column":null}},"23":{"start":{"line":78,"column":12},"end":{"line":112,"column":null}},"24":{"start":{"line":79,"column":29},"end":{"line":79,"column":null}},"25":{"start":{"line":80,"column":43},"end":{"line":80,"column":null}},"26":{"start":{"line":82,"column":16},"end":{"line":99,"column":null}},"27":{"start":{"line":83,"column":33},"end":{"line":83,"column":null}},"28":{"start":{"line":84,"column":20},"end":{"line":97,"column":null}},"29":{"start":{"line":85,"column":24},"end":{"line":96,"column":null}},"30":{"start":{"line":98,"column":20},"end":{"line":98,"column":null}},"31":{"start":{"line":101,"column":16},"end":{"line":110,"column":null}},"32":{"start":{"line":102,"column":20},"end":{"line":102,"column":null}},"33":{"start":{"line":103,"column":16},"end":{"line":110,"column":null}},"34":{"start":{"line":104,"column":20},"end":{"line":109,"column":null}},"35":{"start":{"line":111,"column":16},"end":{"line":111,"column":null}},"36":{"start":{"line":113,"column":12},"end":{"line":113,"column":null}},"37":{"start":{"line":114,"column":12},"end":{"line":114,"column":null}},"38":{"start":{"line":117,"column":8},"end":{"line":123,"column":null}},"39":{"start":{"line":118,"column":12},"end":{"line":121,"column":null}},"40":{"start":{"line":119,"column":16},"end":{"line":119,"column":null}},"41":{"start":{"line":120,"column":16},"end":{"line":120,"column":null}},"42":{"start":{"line":122,"column":12},"end":{"line":122,"column":null}},"43":{"start":{"line":125,"column":8},"end":{"line":177,"column":null}},"44":{"start":{"line":126,"column":12},"end":{"line":131,"column":null}},"45":{"start":{"line":127,"column":16},"end":{"line":130,"column":null}},"46":{"start":{"line":127,"column":34},"end":{"line":130,"column":18}},"47":{"start":{"line":133,"column":42},"end":{"line":133,"column":null}},"48":{"start":{"line":135,"column":12},"end":{"line":172,"column":null}},"49":{"start":{"line":136,"column":29},"end":{"line":136,"column":null}},"50":{"start":{"line":137,"column":43},"end":{"line":137,"column":null}},"51":{"start":{"line":139,"column":16},"end":{"line":157,"column":null}},"52":{"start":{"line":140,"column":33},"end":{"line":140,"column":null}},"53":{"start":{"line":142,"column":20},"end":{"line":155,"column":null}},"54":{"start":{"line":143,"column":24},"end":{"line":154,"column":null}},"55":{"start":{"line":156,"column":20},"end":{"line":156,"column":null}},"56":{"start":{"line":159,"column":16},"end":{"line":169,"column":null}},"57":{"start":{"line":161,"column":20},"end":{"line":161,"column":null}},"58":{"start":{"line":162,"column":16},"end":{"line":169,"column":null}},"59":{"start":{"line":163,"column":20},"end":{"line":168,"column":null}},"60":{"start":{"line":171,"column":16},"end":{"line":171,"column":null}},"61":{"start":{"line":174,"column":12},"end":{"line":174,"column":null}},"62":{"start":{"line":176,"column":12},"end":{"line":176,"column":null}},"63":{"start":{"line":176,"column":35},"end":{"line":176,"column":null}},"64":{"start":{"line":181,"column":4},"end":{"line":184,"column":null}},"65":{"start":{"line":182,"column":8},"end":{"line":182,"column":null}},"66":{"start":{"line":186,"column":10},"end":{"line":208,"column":null}},"67":{"start":{"line":187,"column":21},"end":{"line":187,"column":null}},"68":{"start":{"line":188,"column":8},"end":{"line":188,"column":null}},"69":{"start":{"line":188,"column":45},"end":{"line":188,"column":null}},"70":{"start":{"line":190,"column":8},"end":{"line":207,"column":null}},"71":{"start":{"line":192,"column":12},"end":{"line":195,"column":null}},"72":{"start":{"line":192,"column":30},"end":{"line":195,"column":14}},"73":{"start":{"line":199,"column":12},"end":{"line":201,"column":null}},"74":{"start":{"line":200,"column":16},"end":{"line":200,"column":null}},"75":{"start":{"line":203,"column":12},"end":{"line":206,"column":null}},"76":{"start":{"line":203,"column":30},"end":{"line":206,"column":14}},"77":{"start":{"line":210,"column":10},"end":{"line":248,"column":null}},"78":{"start":{"line":211,"column":23},"end":{"line":211,"column":null}},"79":{"start":{"line":212,"column":27},"end":{"line":212,"column":null}},"80":{"start":{"line":215,"column":32},"end":{"line":221,"column":null}},"81":{"start":{"line":216,"column":12},"end":{"line":216,"column":null}},"82":{"start":{"line":217,"column":23},"end":{"line":217,"column":null}},"83":{"start":{"line":218,"column":12},"end":{"line":220,"column":null}},"84":{"start":{"line":219,"column":16},"end":{"line":219,"column":null}},"85":{"start":{"line":219,"column":46},"end":{"line":219,"column":69}},"86":{"start":{"line":223,"column":38},"end":{"line":223,"column":null}},"87":{"start":{"line":224,"column":8},"end":{"line":224,"column":null}},"88":{"start":{"line":226,"column":8},"end":{"line":229,"column":null}},"89":{"start":{"line":227,"column":12},"end":{"line":228,"column":null}},"90":{"start":{"line":227,"column":28},"end":{"line":227,"column":null}},"91":{"start":{"line":228,"column":17},"end":{"line":228,"column":null}},"92":{"start":{"line":231,"column":8},"end":{"line":231,"column":null}},"93":{"start":{"line":233,"column":8},"end":{"line":247,"column":null}},"94":{"start":{"line":234,"column":49},"end":{"line":234,"column":null}},"95":{"start":{"line":235,"column":12},"end":{"line":245,"column":null}},"96":{"start":{"line":236,"column":26},"end":{"line":236,"column":null}},"97":{"start":{"line":237,"column":16},"end":{"line":244,"column":null}},"98":{"start":{"line":238,"column":20},"end":{"line":243,"column":null}},"99":{"start":{"line":246,"column":12},"end":{"line":246,"column":null}},"100":{"start":{"line":251,"column":10},"end":{"line":267,"column":null}},"101":{"start":{"line":252,"column":33},"end":{"line":252,"column":null}},"102":{"start":{"line":254,"column":25},"end":{"line":263,"column":null}},"103":{"start":{"line":255,"column":25},"end":{"line":255,"column":null}},"104":{"start":{"line":256,"column":12},"end":{"line":256,"column":null}},"105":{"start":{"line":256,"column":23},"end":{"line":256,"column":null}},"106":{"start":{"line":258,"column":12},"end":{"line":258,"column":null}},"107":{"start":{"line":260,"column":12},"end":{"line":262,"column":null}},"108":{"start":{"line":261,"column":16},"end":{"line":261,"column":null}},"109":{"start":{"line":265,"column":8},"end":{"line":265,"column":null}},"110":{"start":{"line":266,"column":8},"end":{"line":266,"column":null}},"111":{"start":{"line":270,"column":22},"end":{"line":270,"column":null}},"112":{"start":{"line":272,"column":10},"end":{"line":277,"column":null}},"113":{"start":{"line":274,"column":32},"end":{"line":274,"column":null}},"114":{"start":{"line":275,"column":28},"end":{"line":275,"column":null}},"115":{"start":{"line":279,"column":4},"end":{"line":285,"column":null}},"116":{"start":{"line":280,"column":8},"end":{"line":283,"column":null}},"117":{"start":{"line":287,"column":4},"end":{"line":293,"column":null}},"118":{"start":{"line":288,"column":8},"end":{"line":291,"column":null}},"119":{"start":{"line":295,"column":4},"end":{"line":414,"column":null}},"120":{"start":{"line":305,"column":31},"end":{"line":305,"column":null}},"121":{"start":{"line":306,"column":33},"end":{"line":306,"column":null}},"122":{"start":{"line":307,"column":20},"end":{"line":307,"column":null}},"123":{"start":{"line":307,"column":31},"end":{"line":307,"column":null}},"124":{"start":{"line":309,"column":20},"end":{"line":410,"column":null}},"125":{"start":{"line":329,"column":52},"end":{"line":329,"column":null}},"126":{"start":{"line":337,"column":47},"end":{"line":337,"column":null}},"127":{"start":{"line":364,"column":55},"end":{"line":364,"column":null}},"128":{"start":{"line":365,"column":62},"end":{"line":365,"column":null}},"129":{"start":{"line":366,"column":66},"end":{"line":368,"column":null}},"130":{"start":{"line":370,"column":60},"end":{"line":370,"column":null}},"131":{"start":{"line":372,"column":44},"end":{"line":392,"column":null}},"132":{"start":{"line":400,"column":63},"end":{"line":400,"column":null}}},"fnMap":{"0":{"name":"formatBytes","decl":{"start":{"line":38,"column":9},"end":{"line":38,"column":21}},"loc":{"start":{"line":38,"column":43},"end":{"line":45,"column":null}},"line":38},"1":{"name":"VFSExplorer","decl":{"start":{"line":47,"column":16},"end":{"line":47,"column":28}},"loc":{"start":{"line":57,"column":3},"end":{"line":416,"column":null}},"line":57},"2":{"name":"(anonymous_2)","decl":{"start":{"line":65,"column":25},"end":{"line":65,"column":32}},"loc":{"start":{"line":65,"column":70},"end":{"line":178,"column":null}},"line":65},"3":{"name":"(anonymous_3)","decl":{"start":{"line":69,"column":24},"end":{"line":69,"column":25}},"loc":{"start":{"line":69,"column":25},"end":{"line":69,"column":75}},"line":69},"4":{"name":"(anonymous_4)","decl":{"start":{"line":70,"column":21},"end":{"line":70,"column":22}},"loc":{"start":{"line":70,"column":33},"end":{"line":70,"column":82}},"line":70},"5":{"name":"(anonymous_5)","decl":{"start":{"line":71,"column":22},"end":{"line":71,"column":23}},"loc":{"start":{"line":71,"column":32},"end":{"line":76,"column":17}},"line":71},"6":{"name":"(anonymous_6)","decl":{"start":{"line":78,"column":21},"end":{"line":78,"column":22}},"loc":{"start":{"line":78,"column":31},"end":{"line":112,"column":13}},"line":78},"7":{"name":"(anonymous_7)","decl":{"start":{"line":82,"column":33},"end":{"line":82,"column":34}},"loc":{"start":{"line":82,"column":44},"end":{"line":99,"column":17}},"line":82},"8":{"name":"(anonymous_8)","decl":{"start":{"line":127,"column":25},"end":{"line":127,"column":34}},"loc":{"start":{"line":127,"column":34},"end":{"line":130,"column":18}},"line":127},"9":{"name":"(anonymous_9)","decl":{"start":{"line":135,"column":21},"end":{"line":135,"column":29}},"loc":{"start":{"line":135,"column":29},"end":{"line":172,"column":13}},"line":135},"10":{"name":"(anonymous_10)","decl":{"start":{"line":139,"column":33},"end":{"line":139,"column":42}},"loc":{"start":{"line":139,"column":42},"end":{"line":157,"column":17}},"line":139},"11":{"name":"(anonymous_11)","decl":{"start":{"line":181,"column":14},"end":{"line":181,"column":20}},"loc":{"start":{"line":181,"column":20},"end":{"line":184,"column":7}},"line":181},"12":{"name":"(anonymous_12)","decl":{"start":{"line":186,"column":35},"end":{"line":186,"column":42}},"loc":{"start":{"line":186,"column":57},"end":{"line":208,"column":7}},"line":186},"13":{"name":"(anonymous_13)","decl":{"start":{"line":192,"column":21},"end":{"line":192,"column":30}},"loc":{"start":{"line":192,"column":30},"end":{"line":195,"column":14}},"line":192},"14":{"name":"(anonymous_14)","decl":{"start":{"line":203,"column":21},"end":{"line":203,"column":30}},"loc":{"start":{"line":203,"column":30},"end":{"line":206,"column":14}},"line":203},"15":{"name":"(anonymous_15)","decl":{"start":{"line":210,"column":40},"end":{"line":210,"column":41}},"loc":{"start":{"line":210,"column":56},"end":{"line":248,"column":7}},"line":210},"16":{"name":"(anonymous_16)","decl":{"start":{"line":215,"column":32},"end":{"line":215,"column":33}},"loc":{"start":{"line":215,"column":70},"end":{"line":221,"column":null}},"line":215},"17":{"name":"(anonymous_17)","decl":{"start":{"line":219,"column":41},"end":{"line":219,"column":46}},"loc":{"start":{"line":219,"column":46},"end":{"line":219,"column":69}},"line":219},"18":{"name":"(anonymous_18)","decl":{"start":{"line":226,"column":28},"end":{"line":226,"column":35}},"loc":{"start":{"line":226,"column":35},"end":{"line":229,"column":9}},"line":226},"19":{"name":"(anonymous_19)","decl":{"start":{"line":235,"column":27},"end":{"line":235,"column":36}},"loc":{"start":{"line":235,"column":36},"end":{"line":245,"column":13}},"line":235},"20":{"name":"(anonymous_20)","decl":{"start":{"line":251,"column":33},"end":{"line":251,"column":39}},"loc":{"start":{"line":251,"column":39},"end":{"line":267,"column":7}},"line":251},"21":{"name":"(anonymous_21)","decl":{"start":{"line":254,"column":25},"end":{"line":254,"column":26}},"loc":{"start":{"line":254,"column":48},"end":{"line":263,"column":null}},"line":254},"22":{"name":"(anonymous_22)","decl":{"start":{"line":274,"column":26},"end":{"line":274,"column":32}},"loc":{"start":{"line":274,"column":32},"end":{"line":274,"column":null}},"line":274},"23":{"name":"(anonymous_23)","decl":{"start":{"line":275,"column":22},"end":{"line":275,"column":28}},"loc":{"start":{"line":275,"column":28},"end":{"line":275,"column":null}},"line":275},"24":{"name":"(anonymous_24)","decl":{"start":{"line":304,"column":51},"end":{"line":304,"column":52}},"loc":{"start":{"line":304,"column":67},"end":{"line":412,"column":17}},"line":304},"25":{"name":"(anonymous_25)","decl":{"start":{"line":329,"column":46},"end":{"line":329,"column":52}},"loc":{"start":{"line":329,"column":52},"end":{"line":329,"column":null}},"line":329},"26":{"name":"(anonymous_26)","decl":{"start":{"line":337,"column":41},"end":{"line":337,"column":47}},"loc":{"start":{"line":337,"column":47},"end":{"line":337,"column":null}},"line":337},"27":{"name":"(anonymous_27)","decl":{"start":{"line":363,"column":41},"end":{"line":363,"column":47}},"loc":{"start":{"line":363,"column":47},"end":{"line":394,"column":43}},"line":363},"28":{"name":"(anonymous_28)","decl":{"start":{"line":400,"column":57},"end":{"line":400,"column":63}},"loc":{"start":{"line":400,"column":63},"end":{"line":400,"column":null}},"line":400}},"branchMap":{"0":{"loc":{"start":{"line":39,"column":4},"end":{"line":39,"column":null}},"type":"if","locations":[{"start":{"line":39,"column":4},"end":{"line":39,"column":null}},{"start":{},"end":{}}],"line":39},"1":{"loc":{"start":{"line":40,"column":4},"end":{"line":40,"column":null}},"type":"if","locations":[{"start":{"line":40,"column":4},"end":{"line":40,"column":null}},{"start":{},"end":{}}],"line":40},"2":{"loc":{"start":{"line":63,"column":26},"end":{"line":63,"column":null}},"type":"binary-expr","locations":[{"start":{"line":63,"column":26},"end":{"line":63,"column":45}},{"start":{"line":63,"column":27},"end":{"line":63,"column":null}}],"line":63},"3":{"loc":{"start":{"line":66,"column":8},"end":{"line":115,"column":null}},"type":"if","locations":[{"start":{"line":66,"column":8},"end":{"line":115,"column":null}},{"start":{},"end":{}}],"line":66},"4":{"loc":{"start":{"line":72,"column":20},"end":{"line":74,"column":null}},"type":"if","locations":[{"start":{"line":72,"column":20},"end":{"line":74,"column":null}},{"start":{},"end":{}}],"line":72},"5":{"loc":{"start":{"line":73,"column":31},"end":{"line":73,"column":null}},"type":"cond-expr","locations":[{"start":{"line":73,"column":59},"end":{"line":73,"column":64}},{"start":{"line":73,"column":64},"end":{"line":73,"column":null}}],"line":73},"6":{"loc":{"start":{"line":83,"column":33},"end":{"line":83,"column":null}},"type":"binary-expr","locations":[{"start":{"line":83,"column":33},"end":{"line":83,"column":64}},{"start":{"line":83,"column":64},"end":{"line":83,"column":null}}],"line":83},"7":{"loc":{"start":{"line":84,"column":20},"end":{"line":97,"column":null}},"type":"if","locations":[{"start":{"line":84,"column":20},"end":{"line":97,"column":null}},{"start":{},"end":{}}],"line":84},"8":{"loc":{"start":{"line":101,"column":16},"end":{"line":110,"column":null}},"type":"if","locations":[{"start":{"line":101,"column":16},"end":{"line":110,"column":null}},{"start":{"line":103,"column":16},"end":{"line":110,"column":null}}],"line":101},"9":{"loc":{"start":{"line":103,"column":16},"end":{"line":110,"column":null}},"type":"if","locations":[{"start":{"line":103,"column":16},"end":{"line":110,"column":null}},{"start":{},"end":{}}],"line":103},"10":{"loc":{"start":{"line":117,"column":8},"end":{"line":123,"column":null}},"type":"if","locations":[{"start":{"line":117,"column":8},"end":{"line":123,"column":null}},{"start":{},"end":{}}],"line":117},"11":{"loc":{"start":{"line":118,"column":12},"end":{"line":121,"column":null}},"type":"if","locations":[{"start":{"line":118,"column":12},"end":{"line":121,"column":null}},{"start":{},"end":{}}],"line":118},"12":{"loc":{"start":{"line":126,"column":12},"end":{"line":131,"column":null}},"type":"if","locations":[{"start":{"line":126,"column":12},"end":{"line":131,"column":null}},{"start":{},"end":{}}],"line":126},"13":{"loc":{"start":{"line":140,"column":33},"end":{"line":140,"column":null}},"type":"binary-expr","locations":[{"start":{"line":140,"column":33},"end":{"line":140,"column":64}},{"start":{"line":140,"column":64},"end":{"line":140,"column":null}}],"line":140},"14":{"loc":{"start":{"line":142,"column":20},"end":{"line":155,"column":null}},"type":"if","locations":[{"start":{"line":142,"column":20},"end":{"line":155,"column":null}},{"start":{},"end":{}}],"line":142},"15":{"loc":{"start":{"line":159,"column":16},"end":{"line":169,"column":null}},"type":"if","locations":[{"start":{"line":159,"column":16},"end":{"line":169,"column":null}},{"start":{"line":162,"column":16},"end":{"line":169,"column":null}}],"line":159},"16":{"loc":{"start":{"line":162,"column":16},"end":{"line":169,"column":null}},"type":"if","locations":[{"start":{"line":162,"column":16},"end":{"line":169,"column":null}},{"start":{},"end":{}}],"line":162},"17":{"loc":{"start":{"line":176,"column":12},"end":{"line":176,"column":null}},"type":"if","locations":[{"start":{"line":176,"column":12},"end":{"line":176,"column":null}},{"start":{},"end":{}}],"line":176},"18":{"loc":{"start":{"line":188,"column":8},"end":{"line":188,"column":null}},"type":"if","locations":[{"start":{"line":188,"column":8},"end":{"line":188,"column":null}},{"start":{},"end":{}}],"line":188},"19":{"loc":{"start":{"line":188,"column":12},"end":{"line":188,"column":45}},"type":"binary-expr","locations":[{"start":{"line":188,"column":12},"end":{"line":188,"column":21}},{"start":{"line":188,"column":21},"end":{"line":188,"column":45}}],"line":188},"20":{"loc":{"start":{"line":190,"column":8},"end":{"line":207,"column":null}},"type":"if","locations":[{"start":{"line":190,"column":8},"end":{"line":207,"column":null}},{"start":{"line":196,"column":15},"end":{"line":207,"column":null}}],"line":190},"21":{"loc":{"start":{"line":199,"column":12},"end":{"line":201,"column":null}},"type":"if","locations":[{"start":{"line":199,"column":12},"end":{"line":201,"column":null}},{"start":{},"end":{}}],"line":199},"22":{"loc":{"start":{"line":218,"column":12},"end":{"line":220,"column":null}},"type":"if","locations":[{"start":{"line":218,"column":12},"end":{"line":220,"column":null}},{"start":{},"end":{}}],"line":218},"23":{"loc":{"start":{"line":218,"column":16},"end":{"line":218,"column":40}},"type":"binary-expr","locations":[{"start":{"line":218,"column":16},"end":{"line":218,"column":22}},{"start":{"line":218,"column":22},"end":{"line":218,"column":40}}],"line":218},"24":{"loc":{"start":{"line":227,"column":12},"end":{"line":228,"column":null}},"type":"if","locations":[{"start":{"line":227,"column":12},"end":{"line":228,"column":null}},{"start":{"line":228,"column":17},"end":{"line":228,"column":null}}],"line":227},"25":{"loc":{"start":{"line":233,"column":8},"end":{"line":247,"column":null}},"type":"if","locations":[{"start":{"line":233,"column":8},"end":{"line":247,"column":null}},{"start":{},"end":{}}],"line":233},"26":{"loc":{"start":{"line":237,"column":16},"end":{"line":244,"column":null}},"type":"if","locations":[{"start":{"line":237,"column":16},"end":{"line":244,"column":null}},{"start":{},"end":{}}],"line":237},"27":{"loc":{"start":{"line":256,"column":12},"end":{"line":256,"column":null}},"type":"if","locations":[{"start":{"line":256,"column":12},"end":{"line":256,"column":null}},{"start":{},"end":{}}],"line":256},"28":{"loc":{"start":{"line":260,"column":12},"end":{"line":262,"column":null}},"type":"if","locations":[{"start":{"line":260,"column":12},"end":{"line":262,"column":null}},{"start":{},"end":{}}],"line":260},"29":{"loc":{"start":{"line":279,"column":4},"end":{"line":285,"column":null}},"type":"if","locations":[{"start":{"line":279,"column":4},"end":{"line":285,"column":null}},{"start":{},"end":{}}],"line":279},"30":{"loc":{"start":{"l
[...]
loc":{"start":{"line":93,"column":20},"end":{"line":106,"column":null}},"type":"if","locations":[{"start":{"line":93,"column":20},"end":{"line":106,"column":null}},{"start":{},"end":{}}],"line":93},"12":{"loc":{"start":{"line":109,"column":16},"end":{"line":112,"column":null}},"type":"if","locations":[{"start":{"line":109,"column":16},"end":{"line":112,"column":null}},{"start":{"line":109,"column":60},"end":{"line":112,"column":null}}],"line":109},"13":{"loc":{"start":{"line":109,"column":60},"end":{"line":112,"column":null}},"type":"if","locations":[{"start":{"line":109,"column":60},"end":{"line":112,"column":null}},{"start":{},"end":{}}],"line":109},"14":{"loc":{"start":{"line":119,"column":8},"end":{"line":122,"column":null}},"type":"if","locations":[{"start":{"line":119,"column":8},"end":{"line":122,"column":null}},{"start":{},"end":{}}],"line":119},"15":{"loc":{"start":{"line":120,"column":12},"end":{"line":120,"column":null}},"type":"if","locations":[{"start":{"line":120,"column":12},"end":{"line":120,"column":null}},{"start":{},"end":{}}],"line":120},"16":{"loc":{"start":{"line":125,"column":12},"end":{"line":127,"column":null}},"type":"if","locations":[{"start":{"line":125,"column":12},"end":{"line":127,"column":null}},{"start":{},"end":{}}],"line":125},"17":{"loc":{"start":{"line":133,"column":33},"end":{"line":133,"column":null}},"type":"binary-expr","locations":[{"start":{"line":133,"column":33},"end":{"line":133,"column":64}},{"start":{"line":133,"column":64},"end":{"line":133,"column":null}}],"line":133},"18":{"loc":{"start":{"line":134,"column":20},"end":{"line":147,"column":null}},"type":"if","locations":[{"start":{"line":134,"column":20},"end":{"line":147,"column":null}},{"start":{},"end":{}}],"line":134},"19":{"loc":{"start":{"line":150,"column":16},"end":{"line":153,"column":null}},"type":"if","locations":[{"start":{"line":150,"column":16},"end":{"line":153,"column":null}},{"start":{"line":150,"column":60},"end":{"line":153,"column":null}}],"line":150},"20":{"loc":{"start":{"line":150,"column":60},"end":{"line":153,"column":null}},"type":"if","locations":[{"start":{"line":150,"column":60},"end":{"line":153,"column":null}},{"start":{},"end":{}}],"line":150},"21":{"loc":{"start":{"line":159,"column":12},"end":{"line":159,"column":null}},"type":"if","locations":[{"start":{"line":159,"column":12},"end":{"line":159,"column":null}},{"start":{},"end":{}}],"line":159},"22":{"loc":{"start":{"line":170,"column":8},"end":{"line":170,"column":null}},"type":"if","locations":[{"start":{"line":170,"column":8},"end":{"line":170,"column":null}},{"start":{},"end":{}}],"line":170},"23":{"loc":{"start":{"line":170,"column":12},"end":{"line":170,"column":45}},"type":"binary-expr","locations":[{"start":{"line":170,"column":12},"end":{"line":170,"column":21}},{"start":{"line":170,"column":21},"end":{"line":170,"column":45}}],"line":170},"24":{"loc":{"start":{"line":172,"column":8},"end":{"line":179,"column":null}},"type":"if","locations":[{"start":{"line":172,"column":8},"end":{"line":179,"column":null}},{"start":{"line":174,"column":15},"end":{"line":179,"column":null}}],"line":172},"25":{"loc":{"start":{"line":175,"column":12},"end":{"line":177,"column":null}},"type":"if","locations":[{"start":{"line":175,"column":12},"end":{"line":177,"column":null}},{"start":{},"end":{}}],"line":175},"26":{"loc":{"start":{"line":186,"column":12},"end":{"line":186,"column":null}},"type":"if","locations":[{"start":{"line":186,"column":12},"end":{"line":186,"column":null}},{"start":{},"end":{}}],"line":186},"27":{"loc":{"start":{"line":188,"column":12},"end":{"line":190,"column":null}},"type":"if","locations":[{"start":{"line":188,"column":12},"end":{"line":190,"column":null}},{"start":{},"end":{}}],"line":188},"28":{"loc":{"start":{"line":205,"column":8},"end":{"line":205,"column":null}},"type":"if","locations":[{"start":{"line":205,"column":8},"end":{"line":205,"column":null}},{"start":{},"end":{}}],"line":205},"29":{"loc":{"start":{"line":205,"column":12},"end":{"line":205,"column":43}},"type":"binary-expr","locations":[{"start":{"line":205,"column":12},"end":{"line":205,"column":31}},{"start":{"line":205,"column":31},"end":{"line":205,"column":43}}],"line":205},"30":{"loc":{"start":{"line":215,"column":8},"end":{"line":215,"column":null}},"type":"if","locations":[{"start":{"line":215,"column":8},"end":{"line":215,"column":null}},{"start":{},"end":{}}],"line":215},"31":{"loc":{"start":{"line":215,"column":12},"end":{"line":215,"column":58}},"type":"binary-expr","locations":[{"start":{"line":215,"column":12},"end":{"line":215,"column":31}},{"start":{"line":215,"column":31},"end":{"line":215,"column":58}}],"line":215},"32":{"loc":{"start":{"line":224,"column":8},"end":{"line":224,"column":null}},"type":"if","locations":[{"start":{"line":224,"column":8},"end":{"line":224,"column":null}},{"start":{},"end":{}}],"line":224},"33":{"loc":{"start":{"line":224,"column":12},"end":{"line":224,"column":58}},"type":"binary-expr","locations":[{"start":{"line":224,"column":12},"end":{"line":224,"column":31}},{"start":{"line":224,"column":31},"end":{"line":224,"column":58}}],"line":224},"34":{"loc":{"start":{"line":233,"column":4},"end":{"line":239,"column":null}},"type":"if","locations":[{"start":{"line":233,"column":4},"end":{"line":239,"column":null}},{"start":{},"end":{}}],"line":233},"35":{"loc":{"start":{"line":241,"column":4},"end":{"line":247,"column":null}},"type":"if","locations":[{"start":{"line":241,"column":4},"end":{"line":247,"column":null}},{"start":{},"end":{}}],"line":241},"36":{"loc":{"start":{"line":251,"column":13},"end":{"line":262,"column":null}},"type":"binary-expr","locations":[{"start":{"line":251,"column":13},"end":{"line":251,"column":null}},{"start":{"line":252,"column":16},"end":{"line":262,"column":null}}],"line":251},"37":{"loc":{"start":{"line":270,"column":24},"end":{"line":270,"column":null}},"type":"if","locations":[{"start":{"line":270,"column":24},"end":{"line":270,"column":null}},{"start":{},"end":{}}],"line":270},"38":{"loc":{"start":{"line":275,"column":24},"end":{"line":282,"column":null}},"type":"if","locations":[{"start":{"line":275,"column":24},"end":{"line":282,"column":null}},{"start":{},"end":{}}],"line":275},"39":{"loc":{"start":{"line":277,"column":28},"end":{"line":281,"column":null}},"type":"if","locations":[{"start":{"line":277,"column":28},"end":{"line":281,"column":null}},{"start":{},"end":{}}],"line":277},"40":{"loc":{"start":{"line":278,"column":44},"end":{"line":278,"column":null}},"type":"binary-expr","locations":[{"start":{"line":278,"column":44},"end":{"line":278,"column":67}},{"start":{"line":278,"column":67},"end":{"line":278,"column":null}}],"line":278},"41":{"loc":{"start":{"line":279,"column":32},"end":{"line":280,"column":null}},"type":"if","locations":[{"start":{"line":279,"column":32},"end":{"line":280,"column":null}},{"start":{"line":279,"column":64},"end":{"line":280,"column":null}}],"line":279},"42":{"loc":{"start":{"line":279,"column":64},"end":{"line":280,"column":null}},"type":"if","locations":[{"start":{"line":279,"column":64},"end":{"line":280,"column":null}},{"start":{},"end":{}}],"line":279},"43":{"loc":{"start":{"line":298,"column":48},"end":{"line":298,"column":null}},"type":"cond-expr","locations":[{"start":{"line":298,"column":64},"end":{"line":298,"column":98}},{"start":{"line":298,"column":98},"end":{"line":298,"column":null}}],"line":298},"44":{"loc":{"start":{"line":303,"column":51},"end":{"line":303,"column":null}},"type":"binary-expr","locations":[{"start":{"line":303,"column":51},"end":{"line":303,"column":77}},{"start":{"line":303,"column":77},"end":{"line":303,"column":null}}],"line":303},"45":{"loc":{"start":{"line":304,"column":57},"end":{"line":304,"column":104}},"type":"cond-expr","locations":[{"start":{"line":304,"column":82},"end":{"line":304,"column":94}},{"start":{"line":304,"column":94},"end":{"line":304,"column":104}}],"line":304},"46":{"loc":{"start":{"line":306,"column":37},"end":{"line":306,"column":null}},"type":"cond-expr","locations":[{"start":{"line":306,"column":54},"end":{"line":306,"column":99}},{"start":{"line":306,"column":99},"end":{"line":306,"column":null}}],"line":306},"47":{"loc":{"start":{"line":306,"column":99},"end":{"line":306,"column":null}},"type":"cond-expr","locations":[{"start":{"line":306,"column":117},"end":{"line":306,"column":145}},{"start":{"line":306,"column":145},"end":{"line":306,"column":null}}],"line":306},"48":{"loc":{"start":{"line":309,"column":37},"end":{"line":309,"column":null}},"type":"cond-expr","locations":[{"start":{"line":309,"column":62},"end":{"line":309,"column":144}},{"start":{"line":309,"column":144},"end":{"line":309,"column":null}}],"line":309},"49":{"loc":{"start":{"line":312,"column":33},"end":{"line":315,"column":null}},"type":"binary-expr","locations":[{"start":{"line":312,"column":33},"end":{"line":312,"column":null}},{"start":{"line":313,"column":36},"end":{"line":315,"column":null}}],"line":312}},"s":{"0":0,"1":0,"2":0,"3":0,"4":0,"5":0,"6":0,"7":0,"8":4,"9":4,"10":4,"11":4,"12":4,"13":4,"14":4,"15":2,"16":2,"17":0,"18":0,"19":0,"20":0,"21":0,"22":0,"23":0,"24":0,"25":0,"26":0,"27":4,"28":2,"29":0,"30":0,"31":0,"32":0,"33":0,"34":0,"35":0,"36":0,"37":0,"38":0,"39":0,"40":0,"41":0,"42":0,"43":0,"44":0,"45":0,"46":0,"47":0,"48":0,"49":0,"50":0,"51":2,"52":2,"53":2,"54":2,"55":2,"56":0,"57":0,"58":0,"59":0,"60":0,"61":0,"62":0,"63":0,"64":0,"65":0,"66":0,"67":0,"68":0,"69":0,"70":0,"71":0,"72":0,"73":0,"74":0,"75":0,"76":0,"77":4,"78":2,"79":4,"80":0,"81":0,"82":0,"83":0,"84":0,"85":0,"86":0,"87":0,"88":0,"89":0,"90":4,"91":4,"92":4,"93":0,"94":0,"95":0,"96":0,"97":0,"98":0,"99":4,"100":4,"101":4,"102":4,"103":4,"104":0,"105":4,"106":0,"107":0,"108":0,"109":0,"110":0,"111":0,"112":4,"113":0,"114":0,"115":0,"116":0,"117":0,"118":4,"119":0,"120":0,"121":0,"122":0,"123":0,"124":0,"125":4,"126":2,"127":2,"128":2,"129":0,"130":0,"131":0,"132":0,"133":0,"134":0,"135":0,"136":0,"137":0,"138":0,"139":0,"140":0,"141":0,"142":0,"143":0,"144":0,"145":0,"146":0},"f":{"0":0,"1":4,"2":2,"3":0,"4":0,"5":2,"6":0,"7":0,"8":0,"9":0,"10":0,"11":0,"12":0,"13":0,"14":2,"15":0,"16":0,"17":0,"18":4,"19":0,"20":4,"21":0,"22":0,"23":0,"24":0,"25":0,"26":0,"27":0},"b":{"0":[0,0],"1":[0,0],"2":[4,4],"3":[2,0],"4":[2,0],"5":[0,0],"6":[0,0],"7":[0,2],"8":[0,0],"9":[0,0],"10":[0,0],"11":[0,0],"12":[0,0],"13":[0,0],"14":[2,0],"15":[2,0],"16":[0,0],"17":[0,0],"18":[0,0],"19":[0,0],"20":[0,0],"21":[0,0],"22":[0,0],"23":[0,0],"24":[0,0],"25":[0,0],"26":[0,0],"27":[0,0],"28":[0,0],"29":[0,0],"30":[0,0],"31":[0,0],"32":[0,0],"33":[0,0],"34":[2,2],"35":[2,0],"36":[0,0],"37":[0,0],"38":[0,0],"39":[0,0],"40":[0,0],"41":[0,0],"42":[0,0],"43":[0,0],"44":[0,0],"45":[0,0],"46":[0,0],"47":[0,0],"48":[0,0],"49":[0,0]},"meta":{"lastBranch":50,"lastFunction":28,"lastStatement":147,"seen":{"f:30:9:30:21":0,"b:31:4:31:Infinity:undefined:undefined:undefined:undefined":0,"s:31:4:31:Infinity":0,"s:31:24:31:Infinity":1,"b:32:4:32:Infinity:undefined:undefined:undefined:undefined":1,"s:32:4:32:Infinity":2,"s:32:21:32:Infinity":3,"s:33:14:33:Infinity":4,"s:34:18:34:Infinity":5,"s:35:14:35:Infinity":6,"s:36:4:36:Infinity":7,"f:39:16:39:28":1,"s:50:26:50:Infinity":8,"s:51:34:51:Infinity":9,"s:52:48:52:Infinity":10,"s:53:30:53:Infinity":11,"s:55:27:55:Infinity":12,"s:56:26:56:Infinity":13,"b:56:26:56:45:56:27:56:Infinity":2,"s:58:4:73:Infinity":14,"f:58:14:58:20":2,"b:59:8:59:Infinity:undefined:undefined:undefined:undefined":3,"s:59:8:59:Infinity":15,"b:59:12:59:26:59:26:59:43":4,"s:59:43:59:Infinity":16,"s:60:29:69:Infinity":17,"f:60:29:60:41":3,"s:61:12:68:Infinity":18,"s:62:28:62:Infinity":19,"b:63:16:65:Infinity:undefined:undefined:undefined:undefined":5,"s:63:16:65:Infinity":20,"b:63:20:63:27:63:27:63:40":6,"s:64:20:64:Infinity":21,"s:67:16:67:Infinity":22,"s:70:8:70:Infinity":23,"s:71:25:71:Infinity":24,"s:72:8:72:Infinity":25,"f:72:15:72:21":4,"s:72:21:72:Infinity":26,"s:75:25:161:Infinity":27,"f:75:25:75:32":5,"b:76:8:117:Infinity:undefined:undefined:undefined:undefined":7,"s:76:8:117:Infinity":28,"s:77:18:77:Infinity":29,"s:78:29:86:Infinity":30,"f:79:24:79:25":6,"s:79:25:79:75":31,"f:80:21:80:22":7,"s:80:33:80:82":32,"f:81:22:81:23":8,"b:82:20:84:Infinity:undefined:undefined:undefined:undefined":8,"s:82:20:84:Infinity":33,"s:83:24:83:Infinity":34,"b:83:59:83:64:83:64:83:Infinity":9,"s:85:20:85:Infinity":35,"s:88:12:114:Infinity":36,"f:88:21:88:22":9,"s:89:29:89:Infinity":37,"s:90:43:90:Infinity":38,"s:91:16:108:Infinity":39,"f:91:33:91:34":10,"s:92:33:92:Infinity":40,"b:92:33:92:64:92:64:92:Infinity":10,"b:93:20:106:Infinity:undefined:undefined:undefined:undefined":11,"s:93:20:106:Infinity":41,"s:94:24:105:Infinity":42,"s:107:20:107:Infinity":43,"b:109:16:112:Infinity:109:60:112:Infinity":12,"s:109:16:112:Infinity":44,"s:109:39:109:Infinity":45,"b:109:60:112:Infinity:undefined:undefined:undefined:undefined":13,"s:109:60:112:Infinity":46,"s:111:20:111:Infinity":47,"s:113:16:113:Infinity":48,"s:115:12:115:Infinity":49,"s:116:12:116:Infinity":50,"b:119:8:122:Infinity:undefined:undefined:undefined:undefined":14,"s:119:8:122:Infinity":51,"b:120:12:120:Infinity:undefined:undefined:undefined:undefined":15,"s:120:12:120:Infinity":52,"s:120:37:120:55":53,"s:120:55:120:83":54,"s:121:12:121:Infinity":55,"s:124:8:160:Infinity":56,"b:125:12:127:Infinity:undefined:undefined:undefined:undefined":16,"s:125:12:127:Infinity":57,"s:126:16:126:Infinity":58,"f:126:25:126:34":11,"s:126:34:126:102":59,"s:128:42:128:Infinity":60,"s:129:12:155:Infinity":61,"f:129:21:129:29":12,"s:130:29:130:Infinity":62,"s:131:43:131:Infinity":63,"s:132:16:149:Infinity":64,"f:132:33:132:42":13,"s:133:33:133:Infinity":65,"b:133:33:133:64:133:64:133:Infinity":17,"b:134:20:147:Infinity:undefined:undefined:undefined:undefined":18,"s:134:20:147:Infinity":66,"s:135:24:146:Infinity":67,"s:148:20:148:Infinity":68,"b:150:16:153:Infinity:150:60:153:Infinity":19,"s:150:16:153:Infinity":69,"s:150:39:150:Infinity":70,"b:150:60:153:Infinity:undefined:undefined:undefined:undefined":20,"s:150:60:153:Infinity":71,"s:152:20:152:Infinity":72,"s:154:16:154:Infinity":73,"s:157:12:157:Infinity":74,"b:159:12:159:Infinity:undefined:undefined:undefined:undefined":21,"s:159:12:159:Infinity":75,"s:159:35:159:Infinity":76,"s:163:4:166:Infinity":77,"f:163:14:163:20":14,"s:164:8:164:Infinity":78,"s:168:10:180:Infinity":79,"f:168:35:168:42":15,"s:169:21:169:Infinity":80,"b:170:8:170:Infinity:undefined:undefined:undefined:undefined":22,"s:170:8:170:Infinity":81,"b:170:12:170:21:170:21:170:45":23,"s:170:45:170:Infinity":82,"b:172:8:179:Infinity:174:15:179:Infinity":24,"s:172:8:179:Infinity":83,"s:173:12:173:Infinity":84,"f:173:21:173:30":16,"s:173:30:173:84":85,"b:175:12:177:Infinity:undefined:undefined:undefined:undefined":25,"s:175:12:177:Infinity":86,"s:176:16:176:Infinity":87,"s:178:12:178:Infinity":88,"f:178:21:178:30":17,"s:178:30:178:83":89,"s:182:10:194:Infinity":90,"f:182:33:182:39":18,"s:183:33:183:Infinity":91,"s:184:25:191:Infinity":92,"f:184:25:184:26":19,"s:185:25:185:Infinity":93,"b:186:12:186:Infinity:undefined:undefined:undefined:undefined":26,"s:186:12:186:Infinity":94,"s:186:23:186:Infinity":95,"s:187:12:187:Infinity":96,"b:188:12:190:Infinity:undefined:undefined:undefined:undefined":27,"s:188:12:190:Infinity":97,"s:189:16:189:Infinity":98,"s:192:8:192:Infinity":99,"s:193:8:193:Infinity":100,"s:196:22:196:Infinity":101,"s:197:10:202:Infinity":102,"f:199:26:199:32":20,"s:199:32:199:Infinity":103,"f:200:22:200:28":21,"s:200:28:200:Infinity":104,"s:204:23:212:Infinity":105,"f:204:23:204:35":22,"b:205:8:205:Infinity:undefined:undefined:undefined:undefined":28,"s:205:8:205:Infinity":106,"b:205:12:205:31:205:31:205:43":29,"s:205:43:205:Infinity":107,"s:206:27:206:Infinity":108,"s:207:8:211:Infinity":109,"s:208:12:208:Infinity":110,"s:210:12:210:Infinity":111,"s:214:21:221:Infinity":112,"f:214:21:214:33":23,"b:215:8:215:Infinity:undefined:undefined:undefined:undefined":30,"s:215:8:215:Infinity":113,"b:215:12:215:31:215:31:215:58":31,"s:215:58:215:Infinity":114,"s:216:8:220:Infinity":115,"s:217:12:217:Infinity":116,"s:219:12:219:Infinity":117,"s:223:20:231:Infinity":118,"f:223:20:223:32":24,"b:224:8:224:Infinity:undefined:undefined:undefined:undefined":32,"s:224:8:224:Infinity":119,"b:224:12:224:31:224:31:224:58":33,"s:224:58:224:Infinity":120,"s:225:24:225:Infinity":121,"s:226:8:230:Infinity":122,"s:227:12:227:Infinity":123,"s:229:12:229:Infinity":124,"b:233:4:239:Infinity:undefined:undefined:undefined:undefined":34,"s:233:4:239:Infinity":125,"s:234:8:237:Infinity":126,"b:241:4:247:Infinity:undefined:undefined:undefined:undefined":35,"s:241:4:247:Infinity":127,"s:242:8:245:Infinity":128,"s:249:4:322:Infinity":129,"b:251:13:251:Infinity:252:16:262:Infinity":36,"f:267:55:267:56":25,"s:268:35:268:Infinity":130,"s:269:37:269:Infinity":131,"b:270:24:270:Infinity:undefined:undefined:undefined:undefined":37,"s:270:24:270:Infinity":132,"s:270:35:270:Infinity":133,"s:273:40:273:Infinity":134,"s:274:40:274:Infinity":135,"b:275:24:282:Infinity:undefined:undefined:undefined:undefined":38,"s:275:24:282:Infinity":136,"s:276:42:276:Infinity":137,"f:276:71:276:72":26,"s:276:84:276:100":138,"b:277:28:281:Infinity:undefined:undefined:undefined:undefined":39,"s:277:28:281:Infinity":139,"s:278:32:278:Infinity":140,"b:278:44:278:67:278:67:278:Infinity":40,"b:279:32:280:Infinity:279:64:280:Infinity":41,"s:279:32:280:Infinity":141,"s:279:52:279:Infinity":142,"b:279:64:280:Infinity:undefined:undefined:undefined:undefined":42,"s:279:64:280:Infinity":143,"s:280:56:280:Infinity":144,"s:284:24:317:Infinity":145,"b:298:64:298:98:298:98:298:Infinity":43,"f:303:45:303:51":27,"s:303:51:303:Infinity":146,"b:303:51:303:77:303:77:303:Infinity":44,"b:304:82:304:94:304:94:304:104":45,"b:306:54:306:99:306:99:306:Infinity":46,"b:306:117:306:145:306:145:306:Infinity":47,"b:309:62:309:144:309:144:309:Infinity":48,"b:312:33:312:Infinity:313:36:315:Infinity":49}}}
,"/Users/navi/Documents/Projects/LOKI TOOLS/Onion Forger/crawli/src/components/VibeLoader.tsx": {"path":"/Users/navi/Documents/Projects/LOKI TOOLS/Onion Forger/crawli/src/components/VibeLoader.tsx","statementMap":{"0":{"start":{"line":15,"column":53},"end":{"line":40,"column":null}},"1":{"start":{"line":21,"column":4},"end":{"line":38,"column":null}},"2":{"start":{"line":34,"column":20},"end":{"line":34,"column":null}},"3":{"start":{"line":35,"column":20},"end":{"line":35,"column":null}}},"fnMap":{"0":{"name":"(anonymous_0)","decl":{"start":{"line":15,"column":53},"end":{"line":15,"column":54}},"loc":{"start":{"line":20,"column":6},"end":{"line":40,"column":null}},"line":20},"1":{"name":"(anonymous_1)","decl":{"start":{"line":32,"column":25},"end":{"line":32,"column":26}},"loc":{"start":{"line":32,"column":32},"end":{"line":36,"column":null}},"line":32}},"branchMap":{"0":{"loc":{"start":{"line":16,"column":4},"end":{"line":16,"column":null}},"type":"default-arg","locations":[{"start":{"line":16,"column":11},"end":{"line":16,"column":null}}],"line":16},"1":{"loc":{"start":{"line":17,"column":4},"end":{"line":17,"column":null}},"type":"default-arg","locations":[{"start":{"line":17,"column":16},"end":{"line":17,"column":null}}],"line":17},"2":{"loc":{"start":{"line":18,"column":4},"end":{"line":18,"column":null}},"type":"default-arg","locations":[{"start":{"line":18,"column":14},"end":{"line":18,"column":null}}],"line":18},"3":{"loc":{"start":{"line":19,"column":4},"end":{"line":19,"column":null}},"type":"default-arg","locations":[{"start":{"line":19,"column":12},"end":{"line":19,"column":null}}],"line":19}},"s":{"0":4,"1":6,"2":1,"3":1},"f":{"0":6,"1":1},"b":{"0":[6],"1":[6],"2":[6],"3":[6]},"meta":{"lastBranch":4,"lastFunction":2,"lastStatement":4,"seen":{"s:15:53:40:Infinity":0,"f:15:53:15:54":0,"b:16:11:16:Infinity":0,"b:17:16:17:Infinity":1,"b:18:14:18:Infinity":2,"b:19:12:19:Infinity":3,"s:21:4:38:Infinity":1,"f:32:25:32:26":1,"s:34:20:34:Infinity":2,"s:35:20:35:Infinity":3}}}
}
